This is pdfTeX, Version 3.14159265-2.6-1.40.21 (MiKTeX 20.12) (preloaded format=pdflatex 2021.1.7)  10 NOV 2022 17:59
entering extended mode
**./numdifftools-0.9.41.tex
(numdifftools-0.9.41.tex
LaTeX2e <2020-10-01> patch level 3
L3 programming layer <2020-12-07> xparse <2020-03-03> (sphinxmanual.cls
Document Class: sphinxmanual 2019/12/01 v2.3.0 Document class (Sphinx manual)
(C:\Programs\MiKTeX\tex/latex/base\report.cls
Document Class: report 2020/04/10 v1.4m Standard LaTeX document class
(C:\Programs\MiKTeX\tex/latex/base\size10.clo
File: size10.clo 2020/04/10 v1.4m Standard LaTeX file (size option)
)
\c@part=\count177
\c@chapter=\count178
\c@section=\count179
\c@subsection=\count180
\c@subsubsection=\count181
\c@paragraph=\count182
\c@subparagraph=\count183
\c@figure=\count184
\c@table=\count185
\abovecaptionskip=\skip47
\belowcaptionskip=\skip48
\bibindent=\dimen138
)
LaTeX Info: Redefining \and on input line 35.
)
(C:\Programs\MiKTeX\tex/latex/base\inputenc.sty
Package: inputenc 2020/08/01 v1.3d Input encoding file
\inpenc@prehook=\toks15
\inpenc@posthook=\toks16
)
   defining Unicode char U+00A0 (decimal 160)
   defining Unicode char U+2500 (decimal 9472)
   defining Unicode char U+2502 (decimal 9474)
   defining Unicode char U+2514 (decimal 9492)
   defining Unicode char U+251C (decimal 9500)
   defining Unicode char U+2572 (decimal 9586)

(C:\Programs\MiKTeX\tex/latex/cmap\cmap.sty
Package: cmap 2008/03/06 v1.0h CMap support: searchable PDF
)
(C:\Programs\MiKTeX\tex/latex/base\fontenc.sty
Package: fontenc 2020/08/10 v2.0s Standard LaTeX package
<<t1.cmap>>)
(C:\Programs\MiKTeX\tex/latex/amsmath\amsmath.sty
Package: amsmath 2020/09/23 v2.17i AMS math features
\@mathmargin=\skip49

For additional information on amsmath, use the `?' option.
(C:\Programs\MiKTeX\tex/latex/amsmath\amstext.sty
Package: amstext 2000/06/29 v2.01 AMS text

(C:\Programs\MiKTeX\tex/latex/amsmath\amsgen.sty
File: amsgen.sty 1999/11/30 v2.0 generic functions
\@emptytoks=\toks17
\ex@=\dimen139
))
(C:\Programs\MiKTeX\tex/latex/amsmath\amsbsy.sty
Package: amsbsy 1999/11/29 v1.2d Bold Symbols
\pmbraise@=\dimen140
)
(C:\Programs\MiKTeX\tex/latex/amsmath\amsopn.sty
Package: amsopn 2016/03/08 v2.02 operator names
)
\inf@bad=\count186
LaTeX Info: Redefining \frac on input line 234.
\uproot@=\count187
\leftroot@=\count188
LaTeX Info: Redefining \overline on input line 399.
\classnum@=\count189
\DOTSCASE@=\count190
LaTeX Info: Redefining \ldots on input line 496.
LaTeX Info: Redefining \dots on input line 499.
LaTeX Info: Redefining \cdots on input line 620.
\Mathstrutbox@=\box47
\strutbox@=\box48
\big@size=\dimen141
LaTeX Font Info:    Redeclaring font encoding OML on input line 743.
LaTeX Font Info:    Redeclaring font encoding OMS on input line 744.
\macc@depth=\count191
\c@MaxMatrixCols=\count192
\dotsspace@=\muskip16
\c@parentequation=\count193
\dspbrk@lvl=\count194
\tag@help=\toks18
\row@=\count195
\column@=\count196
\maxfields@=\count197
\andhelp@=\toks19
\eqnshift@=\dimen142
\alignsep@=\dimen143
\tagshift@=\dimen144
\tagwidth@=\dimen145
\totwidth@=\dimen146
\lineht@=\dimen147
\@envbody=\toks20
\multlinegap=\skip50
\multlinetaggap=\skip51
\mathdisplay@stack=\toks21
LaTeX Info: Redefining \[ on input line 2923.
LaTeX Info: Redefining \] on input line 2924.
)
(C:\Programs\MiKTeX\tex/latex/amsfonts\amssymb.sty
Package: amssymb 2013/01/14 v3.01 AMS font symbols

(C:\Programs\MiKTeX\tex/latex/amsfonts\amsfonts.sty
Package: amsfonts 2013/01/14 v3.01 Basic AMSFonts support
\symAMSa=\mathgroup4
\symAMSb=\mathgroup5
LaTeX Font Info:    Redeclaring math symbol \hbar on input line 98.
LaTeX Font Info:    Overwriting math alphabet `\mathfrak' in version `bold'
(Font)                  U/euf/m/n --> U/euf/b/n on input line 106.
))
(C:\Programs\MiKTeX\tex/generic/babel\babel.sty
Package: babel 2020/12/16 3.52 The Babel package

(C:\Programs\MiKTeX\tex/generic/babel\babel.def
File: babel.def 2020/12/16 3.52 Babel common definitions
\babel@savecnt=\count198
\U@D=\dimen148
\l@babelnohyphens=\language79

(C:\Programs\MiKTeX\tex/generic/babel\txtbabel.def)
\bbl@readstream=\read2
)
\bbl@dirlevel=\count199

*************************************
* Local config file bblopts.cfg used
*
(C:\Programs\MiKTeX\tex/latex/arabi\bblopts.cfg
File: bblopts.cfg 2005/09/08 v0.1 add Arabic and Farsi to "declared" options of
 babel
)
(C:\Programs\MiKTeX\tex/latex/babel-english\english.ldf
Language: english 2017/06/06 v3.3r English support from the babel system
Package babel Info: \l@canadian = using hyphenrules for english
(babel)             (\language0) on input line 102.
Package babel Info: \l@australian = using hyphenrules for ukenglish
(babel)             (\language73) on input line 105.
Package babel Info: \l@newzealand = using hyphenrules for ukenglish
(babel)             (\language73) on input line 108.
))
(C:\Programs\MiKTeX\tex/latex/psnfss\times.sty
Package: times 2020/03/25 PSNFSS-v9.3 (SPQR) 
)
(C:\Programs\MiKTeX\tex/latex/fncychap\fncychap.sty
Package: fncychap 2007/07/30 v1.34 LaTeX package (Revised chapters)
\RW=\skip52
\mylen=\skip53
\myhi=\skip54
\px=\skip55
\py=\skip56
\pyy=\skip57
\pxx=\skip58
\c@AlphaCnt=\count266
\c@AlphaDecCnt=\count267
) (sphinx.sty
Package: sphinx 2019/09/02 v2.3.0 LaTeX package (Sphinx markup)

(C:\Programs\MiKTeX\tex/generic/ltxcmds\ltxcmds.sty
Package: ltxcmds 2020-05-10 v1.25 LaTeX kernel commands for general use (HO)
)
(C:\Programs\MiKTeX\tex/latex/graphics\graphicx.sty
Package: graphicx 2020/09/09 v1.2b Enhanced LaTeX Graphics (DPC,SPQR)

(C:\Programs\MiKTeX\tex/latex/graphics\keyval.sty
Package: keyval 2014/10/28 v1.15 key=value parser (DPC)
\KV@toks@=\toks22
)
(C:\Programs\MiKTeX\tex/latex/graphics\graphics.sty
Package: graphics 2020/08/30 v1.4c Standard LaTeX Graphics (DPC,SPQR)

(C:\Programs\MiKTeX\tex/latex/graphics\trig.sty
Package: trig 2016/01/03 v1.10 sin cos tan (DPC)
)
(C:\Programs\MiKTeX\tex/latex/graphics-cfg\graphics.cfg
File: graphics.cfg 2016/06/04 v1.11 sample graphics configuration
)
Package graphics Info: Driver file: pdftex.def on input line 105.

(C:\Programs\MiKTeX\tex/latex/graphics-def\pdftex.def
File: pdftex.def 2020/10/05 v1.2a Graphics/color driver for pdftex
))
\Gin@req@height=\dimen149
\Gin@req@width=\dimen150
)
(C:\Programs\MiKTeX\tex/latex/fancyhdr\fancyhdr.sty
Package: fancyhdr 2019/01/31 v3.10 Extensive control of page headers and footer
s
\f@nch@headwidth=\skip59
\f@nch@O@elh=\skip60
\f@nch@O@erh=\skip61
\f@nch@O@olh=\skip62
\f@nch@O@orh=\skip63
\f@nch@O@elf=\skip64
\f@nch@O@erf=\skip65
\f@nch@O@olf=\skip66
\f@nch@O@orf=\skip67
)
(C:\Programs\MiKTeX\tex/latex/base\textcomp.sty
Package: textcomp 2020/02/02 v2.0n Standard LaTeX package
)
(C:\Programs\MiKTeX\tex/latex/titlesec\titlesec.sty
Package: titlesec 2019/10/16 v2.13 Sectioning titles
\ttl@box=\box49
\beforetitleunit=\skip68
\aftertitleunit=\skip69
\ttl@plus=\dimen151
\ttl@minus=\dimen152
\ttl@toksa=\toks23
\titlewidth=\dimen153
\titlewidthlast=\dimen154
\titlewidthfirst=\dimen155
)
(C:\Programs\MiKTeX\tex/latex/tabulary\tabulary.sty
Package: tabulary 2014/06/11 v0.10 tabulary package (DPC)

(C:\Programs\MiKTeX\tex/latex/latex-tools\array.sty
Package: array 2020/10/01 v2.5c Tabular extension package (FMi)
\col@sep=\dimen156
\ar@mcellbox=\box50
\extrarowheight=\dimen157
\NC@list=\toks24
\extratabsurround=\skip70
\backup@length=\skip71
\ar@cellbox=\box51
)
\TY@count=\count268
\TY@linewidth=\dimen158
\tymin=\dimen159
\tymax=\dimen160
\TY@tablewidth=\dimen161
)
(C:\Programs\MiKTeX\tex/latex/latex-tools\longtable.sty
Package: longtable 2020/01/07 v4.13 Multi-page Table package (DPC)
\LTleft=\skip72
\LTright=\skip73
\LTpre=\skip74
\LTpost=\skip75
\LTchunksize=\count269
\LTcapwidth=\dimen162
\LT@head=\box52
\LT@firsthead=\box53
\LT@foot=\box54
\LT@lastfoot=\box55
\LT@cols=\count270
\LT@rows=\count271
\c@LT@tables=\count272
\c@LT@chunks=\count273
\LT@p@ftn=\toks25
)
(C:\Programs\MiKTeX\tex/latex/varwidth\varwidth.sty
Package: varwidth 2009/03/30 ver 0.92;  Variable-width minipages
\@vwid@box=\box56
\sift@deathcycles=\count274
\@vwid@loff=\dimen163
\@vwid@roff=\dimen164
) (sphinxmulticell.sty
Package: sphinxmulticell 2017/02/23 v1.6 better span rows and columns of a tabl
e (Sphinx team)
\sphinx@TY@tablewidth=\dimen165
)
(C:\Programs\MiKTeX\tex/latex/base\makeidx.sty
Package: makeidx 2014/09/29 v1.0m Standard LaTeX package
)
(C:\Programs\MiKTeX\tex/latex/framed\framed.sty
Package: framed 2011/10/22 v 0.96: framed or shaded text with page breaks
\OuterFrameSep=\skip76
\fb@frw=\dimen166
\fb@frh=\dimen167
\FrameRule=\dimen168
\FrameSep=\dimen169
)
(C:\Programs\MiKTeX\tex/latex/xcolor\xcolor.sty
Package: xcolor 2016/05/11 v2.12 LaTeX color extensions (UK)

(C:\Programs\MiKTeX\tex/latex/graphics-cfg\color.cfg
File: color.cfg 2016/01/02 v1.6 sample color configuration
)
Package xcolor Info: Driver file: pdftex.def on input line 225.
Package xcolor Info: Model `cmy' substituted by `cmy0' on input line 1348.
Package xcolor Info: Model `hsb' substituted by `rgb' on input line 1352.
Package xcolor Info: Model `RGB' extended on input line 1364.
Package xcolor Info: Model `HTML' substituted by `rgb' on input line 1366.
Package xcolor Info: Model `Hsb' substituted by `hsb' on input line 1367.
Package xcolor Info: Model `tHsb' substituted by `hsb' on input line 1368.
Package xcolor Info: Model `HSB' substituted by `hsb' on input line 1369.
Package xcolor Info: Model `Gray' substituted by `gray' on input line 1370.
Package xcolor Info: Model `wave' substituted by `hsb' on input line 1371.
)
(C:\Programs\MiKTeX\tex/latex/fancyvrb\fancyvrb.sty
Package: fancyvrb 2020/05/03 v3.6 verbatim text (tvz,hv)
\FV@CodeLineNo=\count275
\FV@InFile=\read3
\FV@TabBox=\box57
\c@FancyVerbLine=\count276
\FV@StepNumber=\count277
\FV@OutFile=\write3
) (footnotehyper-sphinx.sty
Package: footnotehyper-sphinx 2017/10/27 v1.7 hyperref aware footnote.sty for s
phinx (JFB)
\FNH@notes=\box58
\FNH@width=\dimen170
) (C:\Programs\MiKTeX\tex/latex/float\float.sty
Package: float 2001/11/08 v1.3d Float enhancements (AL)
\c@float@type=\count278
\float@exts=\toks26
\float@box=\box59
\@float@everytoks=\toks27
\@floatcapt=\box60
)
(C:\Programs\MiKTeX\tex/latex/wrapfig\wrapfig.sty
\wrapoverhang=\dimen171
\WF@size=\dimen172
\c@WF@wrappedlines=\count279
\WF@box=\box61
\WF@everypar=\toks28
Package: wrapfig 2003/01/31  v 3.6
)
(C:\Programs\MiKTeX\tex/latex/parskip\parskip.sty
Rollback for package 'parskip' requested -> version 'v1'.
         This corresponds to the release introduced on 2001-04-09.

(C:\Programs\MiKTeX\tex/latex/parskip\parskip-2001-04-09.sty
Package: parskip 2001/04/09 non-zero parskip adjustments
))
(C:\Programs\MiKTeX\tex/latex/base\alltt.sty
Package: alltt 1997/06/16 v2.0g defines alltt environment
)
(C:\Programs\MiKTeX\tex/latex/upquote\upquote.sty
Package: upquote 2012/04/19 v1.3 upright-quote and grave-accent glyphs in verba
tim
)
(C:\Programs\MiKTeX\tex/latex/capt-of\capt-of.sty
Package: capt-of 2009/12/29 v0.2 standard captions outside of floats
)
(C:\Programs\MiKTeX\tex/latex/needspace\needspace.sty
Package: needspace 2010/09/12 v1.3d reserve vertical space
) (sphinxhighlight.sty
Package: sphinxhighlight 2016/05/29 stylesheet for highlighting with pygments
)
(C:\Programs\MiKTeX\tex/latex/kvoptions\kvoptions.sty
Package: kvoptions 2020-10-07 v3.14 Key value format for package options (HO)

(C:\Programs\MiKTeX\tex/generic/kvsetkeys\kvsetkeys.sty
Package: kvsetkeys 2019/12/15 v1.18 Key value parser (HO)
))
\sphinxverbatimsep=\dimen173
\sphinxverbatimborder=\dimen174
\sphinxshadowsep=\dimen175
\sphinxshadowsize=\dimen176
\sphinxshadowrule=\dimen177
\spx@notice@border=\dimen178
\spx@image@maxheight=\dimen179
\spx@image@box=\dimen180
\c@literalblock=\count280
\sphinxcontinuationbox=\box62
\sphinxvisiblespacebox=\box63
\sphinxVerbatim@TitleBox=\box64
\sphinxVerbatim@ContentsBox=\box65
\py@argswidth=\skip77
\lineblockindentation=\skip78
\DUlineblockindent=\skip79
)
(C:\Programs\MiKTeX\tex/latex/geometry\geometry.sty
Package: geometry 2020/01/02 v5.9 Page Geometry

(C:\Programs\MiKTeX\tex/generic/iftex\ifvtex.sty
Package: ifvtex 2019/10/25 v1.7 ifvtex legacy package. Use iftex instead.

(C:\Programs\MiKTeX\tex/generic/iftex\iftex.sty
Package: iftex 2020/03/06 v1.0d TeX engine tests
))
\Gm@cnth=\count281
\Gm@cntv=\count282
\c@Gm@tempcnt=\count283
\Gm@bindingoffset=\dimen181
\Gm@wd@mp=\dimen182
\Gm@odd@mp=\dimen183
\Gm@even@mp=\dimen184
\Gm@layoutwidth=\dimen185
\Gm@layoutheight=\dimen186
\Gm@layouthoffset=\dimen187
\Gm@layoutvoffset=\dimen188
\Gm@dimlist=\toks29

(C:\Programs\MiKTeX\tex/latex/geometry\geometry.cfg))
(C:\Programs\MiKTeX\tex/latex/hyperref\hyperref.sty
Package: hyperref 2020-05-15 v7.00e Hypertext links for LaTeX

(C:\Programs\MiKTeX\tex/generic/pdftexcmds\pdftexcmds.sty
Package: pdftexcmds 2020-06-27 v0.33 Utility functions of pdfTeX for LuaTeX (HO
)

(C:\Programs\MiKTeX\tex/generic/infwarerr\infwarerr.sty
Package: infwarerr 2019/12/03 v1.5 Providing info/warning/error messages (HO)
)
Package pdftexcmds Info: \pdf@primitive is available.
Package pdftexcmds Info: \pdf@ifprimitive is available.
Package pdftexcmds Info: \pdfdraftmode found.
)
(C:\Programs\MiKTeX\tex/generic/kvdefinekeys\kvdefinekeys.sty
Package: kvdefinekeys 2019-12-19 v1.6 Define keys (HO)
)
(C:\Programs\MiKTeX\tex/generic/pdfescape\pdfescape.sty
Package: pdfescape 2019/12/09 v1.15 Implements pdfTeX's escape features (HO)
)
(C:\Programs\MiKTeX\tex/latex/hycolor\hycolor.sty
Package: hycolor 2020-01-27 v1.10 Color options for hyperref/bookmark (HO)
)
(C:\Programs\MiKTeX\tex/latex/letltxmacro\letltxmacro.sty
Package: letltxmacro 2019/12/03 v1.6 Let assignment for LaTeX macros (HO)
)
(C:\Programs\MiKTeX\tex/latex/auxhook\auxhook.sty
Package: auxhook 2019-12-17 v1.6 Hooks for auxiliary files (HO)
)
\@linkdim=\dimen189
\Hy@linkcounter=\count284
\Hy@pagecounter=\count285

(C:\Programs\MiKTeX\tex/latex/hyperref\pd1enc.def
File: pd1enc.def 2020-05-15 v7.00e Hyperref: PDFDocEncoding definition (HO)
Now handling font encoding PD1 ...
... no UTF-8 mapping file for font encoding PD1
)
(C:\Programs\MiKTeX\tex/generic/intcalc\intcalc.sty
Package: intcalc 2019/12/15 v1.3 Expandable calculations with integers (HO)
)
(C:\Programs\MiKTeX\tex/generic/etexcmds\etexcmds.sty
Package: etexcmds 2019/12/15 v1.7 Avoid name clashes with e-TeX commands (HO)
)
\Hy@SavedSpaceFactor=\count286
Package hyperref Info: Option `unicode' set `true' on input line 4338.

(C:\Programs\MiKTeX\tex/latex/hyperref\puenc.def
File: puenc.def 2020-05-15 v7.00e Hyperref: PDF Unicode definition (HO)
Now handling font encoding PU ...
... no UTF-8 mapping file for font encoding PU
)
Package hyperref Info: Option `colorlinks' set `true' on input line 4338.
Package hyperref Info: Option `breaklinks' set `true' on input line 4338.
Package hyperref Info: Hyper figures OFF on input line 4464.
Package hyperref Info: Link nesting OFF on input line 4469.
Package hyperref Info: Hyper index ON on input line 4472.
Package hyperref Info: Plain pages OFF on input line 4479.
Package hyperref Info: Backreferencing OFF on input line 4484.
Package hyperref Info: Implicit mode ON; LaTeX internals redefined.
Package hyperref Info: Bookmarks ON on input line 4717.
\c@Hy@tempcnt=\count287

(C:\Programs\MiKTeX\tex/latex/url\url.sty
\Urlmuskip=\muskip17
Package: url 2013/09/16  ver 3.4  Verb mode for urls, etc.
)
LaTeX Info: Redefining \url on input line 5076.
\XeTeXLinkMargin=\dimen190

(C:\Programs\MiKTeX\tex/generic/bitset\bitset.sty
Package: bitset 2019/12/09 v1.3 Handle bit-vector datatype (HO)

(C:\Programs\MiKTeX\tex/generic/bigintcalc\bigintcalc.sty
Package: bigintcalc 2019/12/15 v1.5 Expandable calculations on big integers (HO
)
))
\Fld@menulength=\count288
\Field@Width=\dimen191
\Fld@charsize=\dimen192
Package hyperref Info: Hyper figures OFF on input line 6347.
Package hyperref Info: Link nesting OFF on input line 6352.
Package hyperref Info: Hyper index ON on input line 6355.
Package hyperref Info: backreferencing OFF on input line 6362.
Package hyperref Info: Link coloring ON on input line 6365.
Package hyperref Info: Link coloring with OCG OFF on input line 6372.
Package hyperref Info: PDF/A mode OFF on input line 6377.
LaTeX Info: Redefining \ref on input line 6417.
LaTeX Info: Redefining \pageref on input line 6421.

(C:\Programs\MiKTeX\tex/latex/base\atbegshi-ltx.sty
Package: atbegshi-ltx 2020/08/17 v1.0a Emulation of the original atbegshi packa
ge
with kernel methods
)
\Hy@abspage=\count289
\c@Item=\count290
\c@Hfootnote=\count291
)
Package hyperref Info: Driver (autodetected): hpdftex.

(C:\Programs\MiKTeX\tex/latex/hyperref\hpdftex.def
File: hpdftex.def 2020-05-15 v7.00e Hyperref driver for pdfTeX

(C:\Programs\MiKTeX\tex/latex/base\atveryend-ltx.sty
Package: atveryend-ltx 2020/08/19 v1.0a Emulation of the original atvery packag
e
with kernel methods
)
\Fld@listcount=\count292
\c@bookmark@seq@number=\count293

(C:\Programs\MiKTeX\tex/latex/rerunfilecheck\rerunfilecheck.sty
Package: rerunfilecheck 2019/12/05 v1.9 Rerun checks for auxiliary files (HO)

(C:\Programs\MiKTeX\tex/generic/uniquecounter\uniquecounter.sty
Package: uniquecounter 2019/12/15 v1.4 Provide unlimited unique counter (HO)
)
Package uniquecounter Info: New unique counter `rerunfilecheck' on input line 2
86.
)
\Hy@SectionHShift=\skip80
)
(C:\Programs\MiKTeX\tex/latex/oberdiek\hypcap.sty
Package: hypcap 2016/05/16 v1.12 Adjusting the anchors of captions (HO)
) (sphinxmessages.sty
Package: sphinxmessages 2019/01/04 v2.0 Localized LaTeX macros (Sphinx team)
)
\@indexfile=\write4
\openout4 = `numdifftools-0.9.41.idx'.


Writing index file numdifftools-0.9.41.idx
LaTeX Font Info:    Trying to load font information for T1+ptm on input line 90
.
(C:\Programs\MiKTeX\tex/latex/psnfss\t1ptm.fd
File: t1ptm.fd 2001/06/04 font definitions for T1/ptm.
)
(C:\Programs\MiKTeX\tex/latex/l3backend\l3backend-pdftex.def
File: l3backend-pdftex.def 2020-09-24 L3 backend support: PDF output (pdfTeX)
\l__kernel_color_stack_int=\count294
\l__pdf_internal_box=\box66
)
(numdifftools-0.9.41.aux)
\openout1 = `numdifftools-0.9.41.aux'.

LaTeX Font Info:    Checking defaults for OML/cmm/m/it on input line 90.
LaTeX Font Info:    ... okay on input line 90.
LaTeX Font Info:    Checking defaults for OMS/cmsy/m/n on input line 90.
LaTeX Font Info:    ... okay on input line 90.
LaTeX Font Info:    Checking defaults for OT1/cmr/m/n on input line 90.
LaTeX Font Info:    ... okay on input line 90.
LaTeX Font Info:    Checking defaults for T1/cmr/m/n on input line 90.
LaTeX Font Info:    ... okay on input line 90.
LaTeX Font Info:    Checking defaults for TS1/cmr/m/n on input line 90.
LaTeX Font Info:    ... okay on input line 90.
LaTeX Font Info:    Checking defaults for OMX/cmex/m/n on input line 90.
LaTeX Font Info:    ... okay on input line 90.
LaTeX Font Info:    Checking defaults for U/cmr/m/n on input line 90.
LaTeX Font Info:    ... okay on input line 90.
LaTeX Font Info:    Checking defaults for PD1/pdf/m/n on input line 90.
LaTeX Font Info:    ... okay on input line 90.
LaTeX Font Info:    Checking defaults for PU/pdf/m/n on input line 90.
LaTeX Font Info:    ... okay on input line 90.

(C:\Programs\MiKTeX\tex/context/base/mkii\supp-pdf.mkii
[Loading MPS to PDF converter (version 2006.09.02).]
\scratchcounter=\count295
\scratchdimen=\dimen193
\scratchbox=\box67
\nofMPsegments=\count296
\nofMParguments=\count297
\everyMPshowfont=\toks30
\MPscratchCnt=\count298
\MPscratchDim=\dimen194
\MPnumerator=\count299
\makeMPintoPDFobject=\count300
\everyMPtoPDFconversion=\toks31
) (C:\Programs\MiKTeX\tex/latex/epstopdf-pkg\epstopdf-base.sty
Package: epstopdf-base 2020-01-24 v2.11 Base part for package epstopdf
Package epstopdf-base Info: Redefining graphics rule for `.eps' on input line 4
85.
)
*geometry* driver: auto-detecting
*geometry* detected driver: pdftex
*geometry* verbose mode - [ preamble ] result:
* driver: pdftex
* paper: a4paper
* layout: <same size as paper>
* layoutoffset:(h,v)=(0.0pt,0.0pt)
* modes: twoside 
* h-part:(L,W,R)=(72.26999pt, 452.9679pt, 72.26999pt)
* v-part:(T,H,B)=(72.26999pt, 700.50687pt, 72.26999pt)
* \paperwidth=597.50787pt
* \paperheight=845.04684pt
* \textwidth=452.9679pt
* \textheight=700.50687pt
* \oddsidemargin=0.0pt
* \evensidemargin=0.0pt
* \topmargin=-37.0pt
* \headheight=12.0pt
* \headsep=25.0pt
* \topskip=10.0pt
* \footskip=30.0pt
* \marginparwidth=36.135pt
* \marginparsep=11.0pt
* \columnsep=10.0pt
* \skip\footins=9.0pt plus 4.0pt minus 2.0pt
* \hoffset=0.0pt
* \voffset=0.0pt
* \mag=1000
* \@twocolumnfalse
* \@twosidetrue
* \@mparswitchtrue
* \@reversemarginfalse
* (1in=72.27pt=25.4mm, 1cm=28.453pt)

Package hyperref Info: Link coloring ON on input line 90.
(C:\Programs\MiKTeX\tex/latex/hyperref\nameref.sty
Package: nameref 2019/09/16 v2.46 Cross-referencing by name of section

(C:\Programs\MiKTeX\tex/latex/refcount\refcount.sty
Package: refcount 2019/12/15 v3.6 Data extraction from label references (HO)
)
(C:\Programs\MiKTeX\tex/generic/gettitlestring\gettitlestring.sty
Package: gettitlestring 2019/12/15 v1.6 Cleanup title references (HO)
)
\c@section@level=\count301
)
LaTeX Info: Redefining \ref on input line 90.
LaTeX Info: Redefining \pageref on input line 90.
LaTeX Info: Redefining \nameref on input line 90.

(numdifftools-0.9.41.out) (numdifftools-0.9.41.out)
\@outlinefile=\write5
\openout5 = `numdifftools-0.9.41.out'.

Package hyperref Info: Option `pageanchor' set `false' on input line 98.
LaTeX Font Info:    Trying to load font information for T1+phv on input line 98
.

(C:\Programs\MiKTeX\tex/latex/psnfss\t1phv.fd
File: t1phv.fd 2020/03/25 scalable font definitions for T1/phv.
)
LaTeX Font Info:    Font shape `T1/phv/b/it' in size <10> not available
(Font)              Font shape `T1/phv/b/sl' tried instead on input line 98.
LaTeX Font Info:    Font shape `T1/phv/b/it' in size <17.28> not available
(Font)              Font shape `T1/phv/b/sl' tried instead on input line 98.
<<ot1.cmap>><<oml.cmap>><<oms.cmap>><<omx.cmap>>
LaTeX Font Info:    Trying to load font information for U+msa on input line 98.

 (C:\Programs\MiKTeX\tex/latex/amsfonts\umsa.fd
File: umsa.fd 2013/01/14 v3.01 AMS symbols A
)
LaTeX Font Info:    Trying to load font information for U+msb on input line 98.


(C:\Programs\MiKTeX\tex/latex/amsfonts\umsb.fd
File: umsb.fd 2013/01/14 v3.01 AMS symbols B
) [1

{C:/Users/pab/AppData/Local/MiKTeX/pdftex/config/pdftex.map}] [2


] (numdifftools-0.9.41.toc [1

] [2])
\tf@toc=\write6
\openout6 = `numdifftools-0.9.41.toc'.

 [3]
[4

] [1] [2

]
Chapter 1.
LaTeX Font Info:    Trying to load font information for TS1+ptm on input line 1
31.
(C:\Programs\MiKTeX\tex/latex/psnfss\ts1ptm.fd
File: ts1ptm.fd 2001/06/04 font definitions for TS1/ptm.
) [3] [4]
Chapter 2.
LaTeX Font Info:    Trying to load font information for T1+pcr on input line 22
6.
(C:\Programs\MiKTeX\tex/latex/psnfss\t1pcr.fd
File: t1pcr.fd 2001/06/04 font definitions for T1/pcr.
) [5

]
LaTeX Font Info:    Trying to load font information for TS1+pcr on input line 2
77.

(C:\Programs\MiKTeX\tex/latex/psnfss\ts1pcr.fd
File: ts1pcr.fd 2001/06/04 font definitions for TS1/pcr.
) [6]
<fun.png, id=562, 578.16pt x 433.62pt>
File: fun.png Graphic file (type png)
<use fun.png>
Package pdftex.def Info: fun.png  used on input line 2.
(pdftex.def)             Requested size: 452.96558pt x 339.74403pt.

Overfull \hbox (4.0pt too wide) in paragraph at lines 2--361
[][][][][][][][][][][] 
 []

[7] [8 <./fun.png>] [9] [10] [11] [12] [13] [14

]
Chapter 3.
[15] [16] [17] [18

]
Chapter 4.
[19] [20]

LaTeX Warning: Citation `src/numerical/derivest:laicrassidischeng2005' on page 
21 undefined on input line 1025.


LaTeX Warning: Citation `src/numerical/derivest:ridout2009' on page 21 undefine
d on input line 1025.

[21] [22]

LaTeX Warning: Citation `src/numerical/derivest:lynessmoler1966' on page 23 und
efined on input line 1160.


LaTeX Warning: Citation `src/numerical/derivest:lynessmoler1969' on page 23 und
efined on input line 1160.

[23] [24] [25] [26

]
Chapter 5.
LaTeX Font Info:    Font shape `T1/pcr/m/it' in size <10> not available
(Font)              Font shape `T1/pcr/m/sl' tried instead on input line 1305.
[27]
LaTeX Font Info:    Font shape `T1/pcr/b/it' in size <10> not available
(Font)              Font shape `T1/pcr/b/sl' tried instead on input line 1396.
 [28]
Underfull \hbox (badness 10000) in paragraph at lines 1535--1536
[]|[][]\T1/pcr/m/sl/10 set_richardson_rule[][]
 []

[29] [30] [31]
Underfull \hbox (badness 10000) in paragraph at lines 1789--1790
[]|[][]\T1/pcr/m/sl/10 set_richardson_rule[][]
 []

[32] [33]
Underfull \hbox (badness 10000) in paragraph at lines 2054--2055
[]|[][]\T1/pcr/m/sl/10 set_richardson_rule[][]
 []

[34] [35]
Underfull \hbox (badness 10000) in paragraph at lines 2284--2285
[]|[][]\T1/pcr/m/sl/10 set_richardson_rule[][]
 []

[36]
Overfull \hbox (3.06163pt too wide) detected at line 2425
[]
 []


Overfull \hbox (25.00003pt too wide) detected at line 2425
[][]
 []

[37]
Underfull \hbox (badness 10000) in paragraph at lines 2536--2537
[]|[][]\T1/pcr/m/sl/10 set_richardson_rule[][]
 []

[38]
Underfull \hbox (badness 10000) in paragraph at lines 2675--2676
[]|[][]\T1/pcr/m/sl/10 BasicMaxStepGenerator[][]
 []


Underfull \hbox (badness 10000) in paragraph at lines 2680--2681
[]|[][]\T1/pcr/m/sl/10 BasicMinStepGenerator[][]
 []


Underfull \hbox (badness 10000) in paragraph at lines 2685--2686
[]|[][]\T1/pcr/m/sl/10 MinStepGenerator[][] \T1/ptm/m/n/10 (page 123[])([base_s
tep,
 []


Underfull \hbox (badness 10000) in paragraph at lines 2690--2691
[]|[][]\T1/pcr/m/sl/10 MaxStepGenerator[][] \T1/ptm/m/n/10 (page 122[])([base_s
tep,
 []

[39]
Underfull \hbox (badness 10000) in paragraph at lines 2765--2766
[]|[][]\T1/pcr/m/sl/10 __init__[][] \T1/ptm/m/n/10 (page 40[])(base_step, step_
ratio,
 []

[40]
Underfull \hbox (badness 10000) in paragraph at lines 2841--2842
[]|[][]\T1/pcr/m/sl/10 __init__[][] \T1/ptm/m/n/10 (page 41[])(base_step, step_
ratio,
 []


Underfull \hbox (badness 10000) in paragraph at lines 2856--2856
[]\T1/ptm/m/it/10 base_step=None\T1/ptm/m/n/10 , \T1/ptm/m/it/10 step_ratio=Non
e\T1/ptm/m/n/10 , \T1/ptm/m/it/10 num_steps=None\T1/ptm/m/n/10 ,
 []


Underfull \hbox (badness 10000) in paragraph at lines 2856--2856
\T1/ptm/m/it/10 step_nom=None\T1/ptm/m/n/10 , \T1/ptm/m/it/10 off-set=0\T1/ptm/
m/n/10 , \T1/ptm/m/it/10 num_extrap=0\T1/ptm/m/n/10 , \T1/ptm/m/it/10 use_exact
_steps=True\T1/ptm/m/n/10 ,
 []

[41]
Underfull \hbox (badness 7273) in paragraph at lines 2930--2931
[]|[][]\T1/pcr/m/sl/10 __init__[][] \T1/ptm/m/n/10 (page 41[])([base_step, step
_ratio,
 []


Underfull \hbox (badness 10000) in paragraph at lines 3050--3050
[]\T1/ptm/m/it/10 base_step=2.0\T1/ptm/m/n/10 , \T1/ptm/m/it/10 step_ratio=None
\T1/ptm/m/n/10 , \T1/ptm/m/it/10 num_steps=15\T1/ptm/m/n/10 , \T1/ptm/m/it/10 s
tep_nom=None\T1/ptm/m/n/10 , \T1/ptm/m/it/10 off-set=0\T1/ptm/m/n/10 ,
 []

[42]
Underfull \hbox (badness 7273) in paragraph at lines 3075--3076
[]|[][]\T1/pcr/m/sl/10 __init__[][] \T1/ptm/m/n/10 (page 42[])([base_step, step
_ratio,
 []

[43] [44] [45]
Underfull \hbox (badness 10000) in paragraph at lines 3508--3509
[]|[][]\T1/pcr/m/sl/10 CStepGenerator[][] \T1/ptm/m/n/10 (page 102[])([base_ste
p,
 []


Underfull \hbox (badness 6141) in paragraph at lines 3513--3514
[]|[][]\T1/pcr/m/sl/10 Limit[][] \T1/ptm/m/n/10 (page 103[])(fun[, step, method
, or-der,
 []

[46]
Underfull \hbox (badness 10000) in paragraph at lines 3576--3576
[]\T1/ptm/m/it/10 base_step=None\T1/ptm/m/n/10 , \T1/ptm/m/it/10 step_ratio=4.0
\T1/ptm/m/n/10 , \T1/ptm/m/it/10 num_steps=None\T1/ptm/m/n/10 , \T1/ptm/m/it/10
 step_nom=None\T1/ptm/m/n/10 , \T1/ptm/m/it/10 off-set=0\T1/ptm/m/n/10 ,
 []


Underfull \hbox (badness 7273) in paragraph at lines 3601--3602
[]|[][]\T1/pcr/m/sl/10 __init__[][] \T1/ptm/m/n/10 (page 47[])([base_step, step
_ratio,
 []

[47] [48] [49] [50] [51]
Underfull \hbox (badness 10000) in paragraph at lines 4408--4409
[]|[][]\T1/pcr/m/sl/10 Derivative[][] \T1/ptm/m/n/10 (page 108[])(fun[, n, meth
od,
 []

[52]
LaTeX Font Info:    Font shape `T1/pcr/m/it' in size <9> not available
(Font)              Font shape `T1/pcr/m/sl' tried instead on input line 4506.
LaTeX Font Info:    Font shape `TS1/pcr/m/it' in size <9> not available
(Font)              Font shape `TS1/pcr/m/sl' tried instead on input line 4506.

 [53]
Underfull \hbox (badness 10000) in paragraph at lines 4566--4567
[]|[][]\T1/pcr/m/sl/10 __init__[][] \T1/ptm/m/n/10 (page 53[])(fun[, n, method,

 []

[54]
Underfull \hbox (badness 10000) in paragraph at lines 4740--4741
[]|[][]\T1/pcr/m/sl/10 __init__[][] \T1/ptm/m/n/10 (page 55[])(fun[, n, method,

 []

[55] [56] [57]
Underfull \hbox (badness 10000) in paragraph at lines 4951--4952
[]|[][]\T1/pcr/m/sl/10 __init__[][] \T1/ptm/m/n/10 (page 57[])(fun[, n, method,

 []

[58] [59] [60] [61]

Package textcomp Warning: Symbol \textasciigrave not provided by
(textcomp)                font family ptm in TS1 encoding.
(textcomp)                Default family used instead on input line 5452.


Package textcomp Warning: Symbol \textasciigrave not provided by
(textcomp)                font family ptm in TS1 encoding.
(textcomp)                Default family used instead on input line 5452.


Package textcomp Warning: Symbol \textasciigrave not provided by
(textcomp)                font family ptm in TS1 encoding.
(textcomp)                Default family used instead on input line 5453.


Package textcomp Warning: Symbol \textasciigrave not provided by
(textcomp)                font family ptm in TS1 encoding.
(textcomp)                Default family used instead on input line 5453.


Package textcomp Warning: Symbol \textasciigrave not provided by
(textcomp)                font family ptm in TS1 encoding.
(textcomp)                Default family used instead on input line 5454.


Package textcomp Warning: Symbol \textasciigrave not provided by
(textcomp)                font family ptm in TS1 encoding.
(textcomp)                Default family used instead on input line 5454.

[62]

Package textcomp Warning: Symbol \textasciigrave not provided by
(textcomp)                font family ptm in TS1 encoding.
(textcomp)                Default family used instead on input line 5556.


Package textcomp Warning: Symbol \textasciigrave not provided by
(textcomp)                font family ptm in TS1 encoding.
(textcomp)                Default family used instead on input line 5556.


Package textcomp Warning: Symbol \textasciigrave not provided by
(textcomp)                font family ptm in TS1 encoding.
(textcomp)                Default family used instead on input line 5557.


Package textcomp Warning: Symbol \textasciigrave not provided by
(textcomp)                font family ptm in TS1 encoding.
(textcomp)                Default family used instead on input line 5557.


Package textcomp Warning: Symbol \textasciigrave not provided by
(textcomp)                font family ptm in TS1 encoding.
(textcomp)                Default family used instead on input line 5558.


Package textcomp Warning: Symbol \textasciigrave not provided by
(textcomp)                font family ptm in TS1 encoding.
(textcomp)                Default family used instead on input line 5558.

[63]

Package textcomp Warning: Symbol \textasciigrave not provided by
(textcomp)                font family ptm in TS1 encoding.
(textcomp)                Default family used instead on input line 5699.


Package textcomp Warning: Symbol \textasciigrave not provided by
(textcomp)                font family ptm in TS1 encoding.
(textcomp)                Default family used instead on input line 5699.


Package textcomp Warning: Symbol \textasciigrave not provided by
(textcomp)                font family ptm in TS1 encoding.
(textcomp)                Default family used instead on input line 5700.


Package textcomp Warning: Symbol \textasciigrave not provided by
(textcomp)                font family ptm in TS1 encoding.
(textcomp)                Default family used instead on input line 5700.

[64]

Package textcomp Warning: Symbol \textasciigrave not provided by
(textcomp)                font family ptm in TS1 encoding.
(textcomp)                Default family used instead on input line 5832.


Package textcomp Warning: Symbol \textasciigrave not provided by
(textcomp)                font family ptm in TS1 encoding.
(textcomp)                Default family used instead on input line 5832.


Package textcomp Warning: Symbol \textasciigrave not provided by
(textcomp)                font family ptm in TS1 encoding.
(textcomp)                Default family used instead on input line 5833.


Package textcomp Warning: Symbol \textasciigrave not provided by
(textcomp)                font family ptm in TS1 encoding.
(textcomp)                Default family used instead on input line 5833.


Package textcomp Warning: Symbol \textasciigrave not provided by
(textcomp)                font family ptm in TS1 encoding.
(textcomp)                Default family used instead on input line 5834.


Package textcomp Warning: Symbol \textasciigrave not provided by
(textcomp)                font family ptm in TS1 encoding.
(textcomp)                Default family used instead on input line 5834.

[65] [66] [67] [68] [69] [70] [71] [72] [73] [74] [75] [76] [77] [78] [79]
Overfull \hbox (3.06163pt too wide) detected at line 8107
[]
 []


Overfull \hbox (25.00003pt too wide) detected at line 8107
[][]
 []

[80] [81] [82] [83] [84]
Underfull \hbox (badness 10000) in paragraph at lines 8680--8680
[]\T1/ptm/m/it/10 base_step=None\T1/ptm/m/n/10 , \T1/ptm/m/it/10 step_ratio=Non
e\T1/ptm/m/n/10 , \T1/ptm/m/it/10 num_steps=None\T1/ptm/m/n/10 ,
 []


Underfull \hbox (badness 10000) in paragraph at lines 8680--8680
\T1/ptm/m/it/10 step_nom=None\T1/ptm/m/n/10 , \T1/ptm/m/it/10 off-set=0\T1/ptm/
m/n/10 , \T1/ptm/m/it/10 num_extrap=0\T1/ptm/m/n/10 , \T1/ptm/m/it/10 use_exact
_steps=True\T1/ptm/m/n/10 ,
 []

[85] [86] [87] [88] [89] [90]
Underfull \hbox (badness 10000) in paragraph at lines 9250--9251

 []


Underfull \hbox (badness 10000) in paragraph at lines 9274--9275

 []

[91]
Underfull \hbox (badness 10000) in paragraph at lines 9304--9305

 []

[92] [93] [94] [95] [96] [97]
Underfull \hbox (badness 10000) in paragraph at lines 9909--9916
[]\T1/ptm/m/n/10 degenerate:
 []

[98] [99] [100] [101] [102] [103] [104] [105] [106] [107] [108] [109] [110]
[111] [112] [113] [114] [115]

Package textcomp Warning: Symbol \textasciigrave not provided by
(textcomp)                font family ptm in TS1 encoding.
(textcomp)                Default family used instead on input line 11678.


Package textcomp Warning: Symbol \textasciigrave not provided by
(textcomp)                font family ptm in TS1 encoding.
(textcomp)                Default family used instead on input line 11678.


Package textcomp Warning: Symbol \textasciigrave not provided by
(textcomp)                font family ptm in TS1 encoding.
(textcomp)                Default family used instead on input line 11679.


Package textcomp Warning: Symbol \textasciigrave not provided by
(textcomp)                font family ptm in TS1 encoding.
(textcomp)                Default family used instead on input line 11679.


Package textcomp Warning: Symbol \textasciigrave not provided by
(textcomp)                font family ptm in TS1 encoding.
(textcomp)                Default family used instead on input line 11680.


Package textcomp Warning: Symbol \textasciigrave not provided by
(textcomp)                font family ptm in TS1 encoding.
(textcomp)                Default family used instead on input line 11680.

[116]

Package textcomp Warning: Symbol \textasciigrave not provided by
(textcomp)                font family ptm in TS1 encoding.
(textcomp)                Default family used instead on input line 11747.


Package textcomp Warning: Symbol \textasciigrave not provided by
(textcomp)                font family ptm in TS1 encoding.
(textcomp)                Default family used instead on input line 11747.


Package textcomp Warning: Symbol \textasciigrave not provided by
(textcomp)                font family ptm in TS1 encoding.
(textcomp)                Default family used instead on input line 11748.


Package textcomp Warning: Symbol \textasciigrave not provided by
(textcomp)                font family ptm in TS1 encoding.
(textcomp)                Default family used instead on input line 11748.


Package textcomp Warning: Symbol \textasciigrave not provided by
(textcomp)                font family ptm in TS1 encoding.
(textcomp)                Default family used instead on input line 11749.


Package textcomp Warning: Symbol \textasciigrave not provided by
(textcomp)                font family ptm in TS1 encoding.
(textcomp)                Default family used instead on input line 11749.

[117]

Package textcomp Warning: Symbol \textasciigrave not provided by
(textcomp)                font family ptm in TS1 encoding.
(textcomp)                Default family used instead on input line 11831.


Package textcomp Warning: Symbol \textasciigrave not provided by
(textcomp)                font family ptm in TS1 encoding.
(textcomp)                Default family used instead on input line 11831.


Package textcomp Warning: Symbol \textasciigrave not provided by
(textcomp)                font family ptm in TS1 encoding.
(textcomp)                Default family used instead on input line 11832.


Package textcomp Warning: Symbol \textasciigrave not provided by
(textcomp)                font family ptm in TS1 encoding.
(textcomp)                Default family used instead on input line 11832.


Package textcomp Warning: Symbol \textasciigrave not provided by
(textcomp)                font family ptm in TS1 encoding.
(textcomp)                Default family used instead on input line 11833.


Package textcomp Warning: Symbol \textasciigrave not provided by
(textcomp)                font family ptm in TS1 encoding.
(textcomp)                Default family used instead on input line 11833.

[118]

Package textcomp Warning: Symbol \textasciigrave not provided by
(textcomp)                font family ptm in TS1 encoding.
(textcomp)                Default family used instead on input line 11900.


Package textcomp Warning: Symbol \textasciigrave not provided by
(textcomp)                font family ptm in TS1 encoding.
(textcomp)                Default family used instead on input line 11900.


Package textcomp Warning: Symbol \textasciigrave not provided by
(textcomp)                font family ptm in TS1 encoding.
(textcomp)                Default family used instead on input line 11901.


Package textcomp Warning: Symbol \textasciigrave not provided by
(textcomp)                font family ptm in TS1 encoding.
(textcomp)                Default family used instead on input line 11901.


Package textcomp Warning: Symbol \textasciigrave not provided by
(textcomp)                font family ptm in TS1 encoding.
(textcomp)                Default family used instead on input line 11968.


Package textcomp Warning: Symbol \textasciigrave not provided by
(textcomp)                font family ptm in TS1 encoding.
(textcomp)                Default family used instead on input line 11968.


Package textcomp Warning: Symbol \textasciigrave not provided by
(textcomp)                font family ptm in TS1 encoding.
(textcomp)                Default family used instead on input line 11969.


Package textcomp Warning: Symbol \textasciigrave not provided by
(textcomp)                font family ptm in TS1 encoding.
(textcomp)                Default family used instead on input line 11969.


Package textcomp Warning: Symbol \textasciigrave not provided by
(textcomp)                font family ptm in TS1 encoding.
(textcomp)                Default family used instead on input line 11970.


Package textcomp Warning: Symbol \textasciigrave not provided by
(textcomp)                font family ptm in TS1 encoding.
(textcomp)                Default family used instead on input line 11970.

[119] [120] [121] [122]
Underfull \hbox (badness 10000) in paragraph at lines 12263--12263
[]\T1/ptm/m/it/10 base_step=None\T1/ptm/m/n/10 , \T1/ptm/m/it/10 step_ratio=Non
e\T1/ptm/m/n/10 , \T1/ptm/m/it/10 num_steps=None\T1/ptm/m/n/10 ,
 []


Underfull \hbox (badness 10000) in paragraph at lines 12263--12263
\T1/ptm/m/it/10 step_nom=None\T1/ptm/m/n/10 , \T1/ptm/m/it/10 off-set=0\T1/ptm/
m/n/10 , \T1/ptm/m/it/10 num_extrap=0\T1/ptm/m/n/10 , \T1/ptm/m/it/10 use_exact
_steps=True\T1/ptm/m/n/10 ,
 []

[123] [124]
Appendix A.
[125

] [126] [127] [128] [129]
Underfull \hbox (badness 10000) in paragraph at lines 13015--13016
[]\T1/ptm/m/n/10 Added tests for the scripts from pro-file_numdifftools.py, _fi
nd_default_scale.py and
 []

[130] [131] [132]
Overfull \hbox (13.77847pt too wide) in paragraph at lines 13377--13377
[]
 []


Underfull \hbox (badness 10000) in paragraph at lines 13377--13377

 []

[133] [134] [135] [136] [137] [138] [139] [140]
Appendix B.
[141

] [142

]
Appendix C.
[143] [144

]
Appendix D.

LaTeX Warning: Citation `src/numerical/derivest:derrico2006' on page 145 undefi
ned on input line 14060.


LaTeX Warning: Citation `src/numerical/derivest:perktold2014' on page 145 undef
ined on input line 14063.

[145] [146

]
Overfull \hbox (79.73671pt too wide) in paragraph at lines 14069--14070
[]\T1/ptm/m/n/10 J. R. D\TS1/ptm/m/n/10 '\T1/ptm/m/n/10 Errico. Adap-tive ro-bu
st nu-mer-i-cal dif-fer-en-ti-a-tion. http://www.mathworks.com/matlabcentral/fi
leexchange/13490-
 []


Overfull \hbox (70.30652pt too wide) in paragraph at lines 14071--14072
[]\T1/ptm/m/n/10 J. R. D\TS1/ptm/m/n/10 '\T1/ptm/m/n/10 Errico. Adap-tive ro-bu
st nu-mer-i-cal dif-fer-en-ti-a-tion. http://www.mathworks.com/matlabcentral/fi
leexchange/13490-
 []


Underfull \hbox (badness 10000) in paragraph at lines 14085--14086
[]\T1/ptm/m/n/10 Numerical Al-go-rithms Group. Nag for-tran li-brary doc-u-ment
: d04aaf.
 []


Underfull \hbox (badness 10000) in paragraph at lines 14087--14088
[]\T1/ptm/m/n/10 Numerical Al-go-rithms Group. Nag for-tran li-brary doc-u-ment
: d04aaf.
 []


Overfull \hbox (53.42587pt too wide) in paragraph at lines 14097--14098
[]\T1/ptm/m/n/10 J.Perktold. Numd-iff pack-age. http://statsmodels.sourceforge.
net/0.6.0/_modules/statsmodels/tools/numdiff.html,
 []


Overfull \hbox (38.42587pt too wide) in paragraph at lines 14099--14100
[]\T1/ptm/m/n/10 J.Perktold. Numd-iff pack-age. http://statsmodels.sourceforge.
net/0.6.0/_modules/statsmodels/tools/numdiff.html,
 []

[147

] [148]
Overfull \hbox (3.01605pt too wide) in paragraph at lines 14137--14138
[]\T1/pcr/m/n/10 numdifftools.tests.test_extrapolation\T1/ptm/m/n/10 ,
 []


Underfull \hbox (badness 10000) in paragraph at lines 14140--14141
[]\T1/pcr/m/n/10 numdifftools.tests.test_multicomplex\T1/ptm/m/n/10 ,
 []


Underfull \hbox (badness 10000) in paragraph at lines 14143--14144
[]\T1/pcr/m/n/10 numdifftools.tests.test_numdifftools\T1/ptm/m/n/10 ,
 []


Overfull \hbox (15.01605pt too wide) in paragraph at lines 14145--14146
[]\T1/pcr/m/n/10 numdifftools.tests.test_step_generators\T1/ptm/m/n/10 ,
 []

[149



] (numdifftools-0.9.41.ind [150


]
Underfull \hbox (badness 10000) in paragraph at lines 31--33
[]\T1/pcr/m/n/10 approx_fprime() \T1/ptm/m/n/10 (\T1/ptm/m/it/10 in mod-ule num
d-
 []


Underfull \hbox (badness 10000) in paragraph at lines 33--35
[]\T1/pcr/m/n/10 approx_fprime_cs() \T1/ptm/m/n/10 (\T1/ptm/m/it/10 in mod-ule 
numd-
 []


Underfull \hbox (badness 10000) in paragraph at lines 50--52
[]\T1/pcr/m/n/10 BasicMaxStepGenerator \T1/ptm/m/n/10 (\T1/ptm/m/it/10 class in
 numd-
 []


Underfull \hbox (badness 10000) in paragraph at lines 52--54
[]\T1/pcr/m/n/10 BasicMinStepGenerator \T1/ptm/m/n/10 (\T1/ptm/m/it/10 class in
 numd-
 []


Underfull \hbox (badness 10000) in paragraph at lines 63--65
[]\T1/pcr/m/n/10 ClassicalHamiltonian \T1/ptm/m/n/10 (\T1/ptm/m/it/10 class in 
numd-
 []


Underfull \hbox (badness 10000) in paragraph at lines 90--92
[]\T1/pcr/m/n/10 default_scale() \T1/ptm/m/n/10 (\T1/ptm/m/it/10 in mod-ule num
d-
 []


Underfull \hbox (badness 10000) in paragraph at lines 98--100
[]\T1/pcr/m/n/10 DifferenceFunctions \T1/ptm/m/n/10 (\T1/ptm/m/it/10 class in n
umd-
 []


Underfull \hbox (badness 10000) in paragraph at lines 100--102
[]\T1/pcr/m/n/10 directionaldiff() \T1/ptm/m/n/10 (\T1/ptm/m/it/10 in mod-ule n
umd-
 []


Underfull \hbox (badness 10000) in paragraph at lines 102--104
[]\T1/pcr/m/n/10 directionaldiff() \T1/ptm/m/n/10 (\T1/ptm/m/it/10 in mod-ule n
umd-
 []

[151

]
Underfull \hbox (badness 10000) in paragraph at lines 110--111
[]\T1/pcr/m/n/10 epsalg_demo() \T1/ptm/m/n/10 (\T1/ptm/m/it/10 in mod-ule numd-

 []


Underfull \hbox (badness 10000) in paragraph at lines 118--120
[]\T1/pcr/m/n/10 ExampleFunctions \T1/ptm/m/n/10 (\T1/ptm/m/it/10 class in numd
-
 []


Underfull \hbox (badness 10000) in paragraph at lines 132--133
[]\T1/pcr/m/n/10 fd_derivative() \T1/ptm/m/n/10 (\T1/ptm/m/it/10 in mod-ule num
d-
 []


Underfull \hbox (badness 10000) in paragraph at lines 134--135
[]\T1/pcr/m/n/10 fd_weights_all() \T1/ptm/m/n/10 (\T1/ptm/m/it/10 in mod-ule nu
md-
 []


Underfull \hbox (badness 10000) in paragraph at lines 159--161
[]\T1/pcr/m/n/10 get_base_step() \T1/ptm/m/n/10 (\T1/ptm/m/it/10 in mod-ule num
d-
 []


Underfull \hbox (badness 10000) in paragraph at lines 161--163
[]\T1/pcr/m/n/10 get_nominal_step() \T1/ptm/m/n/10 (\T1/ptm/m/it/10 in mod-ule 
numd-
 []


Underfull \hbox (badness 10000) in paragraph at lines 177--179
[]\T1/pcr/m/n/10 HessdiagDifferenceFunctions \T1/ptm/m/n/10 (\T1/ptm/m/it/10 cl
ass in
 []


Underfull \hbox (badness 10000) in paragraph at lines 200--201
[]\T1/pcr/m/n/10 initialposition() \T1/ptm/m/n/10 (\T1/ptm/m/it/10 Clas-si-cal-
Hamil-to-nian
 []


Underfull \hbox (badness 10000) in paragraph at lines 212--214
[]\T1/pcr/m/n/10 JacobianDifferenceFunctions \T1/ptm/m/n/10 (\T1/ptm/m/it/10 cl
ass in
 []


Underfull \hbox (badness 10000) in paragraph at lines 226--228
[]\T1/pcr/m/n/10 LogHessdiagRule \T1/ptm/m/n/10 (\T1/ptm/m/it/10 class in numd-

 []


Underfull \hbox (badness 10000) in paragraph at lines 228--230
[]\T1/pcr/m/n/10 LogHessianRule \T1/ptm/m/n/10 (\T1/ptm/m/it/10 class in numd-
 []

[152]
Underfull \hbox (badness 10000) in paragraph at lines 230--232
[]\T1/pcr/m/n/10 LogJacobianRule \T1/ptm/m/n/10 (\T1/ptm/m/it/10 class in numd-

 []


Underfull \hbox (badness 10000) in paragraph at lines 236--238
[]\T1/pcr/m/n/10 make_exact() \T1/ptm/m/n/10 (\T1/ptm/m/it/10 in mod-ule numd-
 []


Underfull \hbox (badness 10000) in paragraph at lines 238--239
[]\T1/pcr/m/n/10 make_exact() \T1/ptm/m/n/10 (\T1/ptm/m/it/10 in mod-ule numd-
 []


Underfull \hbox (badness 10000) in paragraph at lines 242--244
[]\T1/pcr/m/n/10 MaxStepGenerator \T1/ptm/m/n/10 (\T1/ptm/m/it/10 class in numd
-
 []


Underfull \hbox (badness 10000) in paragraph at lines 259--261
[]\T1/pcr/m/n/10 MinStepGenerator \T1/ptm/m/n/10 (\T1/ptm/m/it/10 class in numd
-
 []


Overfull \hbox (23.01605pt too wide) in paragraph at lines 274--275
[]| \T1/pcr/m/n/10 numdifftools.tests.test_extrapolation\T1/ptm/m/n/10 ,
 []


Underfull \hbox (badness 10000) in paragraph at lines 275--276
[]| \T1/pcr/m/n/10 numdifftools.tests.test_fornberg\T1/ptm/m/n/10 ,
 []


Overfull \hbox (17.01605pt too wide) in paragraph at lines 277--278
[]| \T1/pcr/m/n/10 numdifftools.tests.test_multicomplex\T1/ptm/m/n/10 ,
 []


Underfull \hbox (badness 10000) in paragraph at lines 278--279
[]| \T1/pcr/m/n/10 numdifftools.tests.test_nd_algopy\T1/ptm/m/n/10 ,
 []


Underfull \hbox (badness 10000) in paragraph at lines 279--280
[]| \T1/pcr/m/n/10 numdifftools.tests.test_nd_scipy\T1/ptm/m/n/10 ,
 []


Overfull \hbox (17.01605pt too wide) in paragraph at lines 280--281
[]| \T1/pcr/m/n/10 numdifftools.tests.test_numdifftools\T1/ptm/m/n/10 ,
 []


Overfull \hbox (35.01605pt too wide) in paragraph at lines 282--283
[]| \T1/pcr/m/n/10 numdifftools.tests.test_step_generators\T1/ptm/m/n/10 ,
 []


Overfull \hbox (0.51605pt too wide) in paragraph at lines 321--322
[]\T1/pcr/m/n/10 numdifftools.tests.test_extrapolation 
 []

[153]
Overfull \hbox (12.51605pt too wide) in paragraph at lines 337--338
[]\T1/pcr/m/n/10 numdifftools.tests.test_step_generators 
 []


Underfull \hbox (badness 10000) in paragraph at lines 363--365
[]\T1/pcr/m/n/10 richardson_demo() \T1/ptm/m/n/10 (\T1/ptm/m/it/10 in mod-ule n
umd-
 []


Underfull \hbox (badness 10000) in paragraph at lines 370--372
[]\T1/pcr/m/n/10 run_hamiltonian() \T1/ptm/m/n/10 (\T1/ptm/m/it/10 in mod-ule n
umd-
 []


Overfull \hbox (48.51605pt too wide) in paragraph at lines 413--415
[]\T1/pcr/m/n/10 test__find_default_scale_run_all_benchmarks()
 []


Overfull \hbox (24.51605pt too wide) in paragraph at lines 415--417
[]\T1/pcr/m/n/10 test__min_step_generator_with_step_nom1()
 []


Underfull \hbox (badness 10000) in paragraph at lines 415--417
\T1/ptm/m/n/10 (\T1/ptm/m/it/10 in mod-ule numd-
 []


Underfull \hbox (badness 10000) in paragraph at lines 420--422
[]\T1/pcr/m/n/10 test_all_second_derivatives() \T1/ptm/m/n/10 (\T1/ptm/m/it/10 
Test-
 []


Underfull \hbox (badness 10000) in paragraph at lines 422--424
[]\T1/pcr/m/n/10 test_all_weights() \T1/ptm/m/n/10 (\T1/ptm/m/it/10 in mod-ule 
numd-
 []


Underfull \hbox (badness 10000) in paragraph at lines 428--430
[]\T1/pcr/m/n/10 test_backward_derivative_on_sinh()
 []


Overfull \hbox (42.51605pt too wide) in paragraph at lines 430--432
[]\T1/pcr/m/n/10 test_central_and_forward_derivative_on_log()
 []


Underfull \hbox (badness 10000) in paragraph at lines 432--434
[]\T1/pcr/m/n/10 test_central_forward_backward()
 []


Underfull \hbox (badness 10000) in paragraph at lines 436--437
[]\T1/pcr/m/n/10 test_complex_hessian_issue_35() \T1/ptm/m/n/10 (\T1/ptm/m/it/1
0 Tes-
 []


Underfull \hbox (badness 8094) in paragraph at lines 440--441
[]\T1/pcr/m/n/10 test_dea_on_trapz_sin() \T1/ptm/m/n/10 (\T1/ptm/m/it/10 Tes-tE
x-trap-o-la-tion
 []


Underfull \hbox (badness 10000) in paragraph at lines 445--447
[]\T1/pcr/m/n/10 test_default_max_step_generator()
 []


Underfull \hbox (badness 10000) in paragraph at lines 445--447
\T1/ptm/m/n/10 (\T1/ptm/m/it/10 in mod-ule numd-
 []


Underfull \hbox (badness 10000) in paragraph at lines 447--448
[]\T1/pcr/m/n/10 test_default_scale() \T1/ptm/m/n/10 (\T1/ptm/m/it/10 Test-Deri
va-tive static
 []

[154]
Underfull \hbox (badness 10000) in paragraph at lines 450--451
[]\T1/pcr/m/n/10 test_der_arccos() \T1/ptm/m/n/10 (\T1/ptm/m/it/10 Test-Bi-com-
plex static
 []


Underfull \hbox (badness 10000) in paragraph at lines 451--452
[]\T1/pcr/m/n/10 test_der_arccosh() \T1/ptm/m/n/10 (\T1/ptm/m/it/10 Test-Bi-com
-plex static
 []


Underfull \hbox (badness 10000) in paragraph at lines 452--453
[]\T1/pcr/m/n/10 test_der_arctan() \T1/ptm/m/n/10 (\T1/ptm/m/it/10 Test-Bi-com-
plex static
 []


Underfull \hbox (badness 10000) in paragraph at lines 459--460
[]\T1/pcr/m/n/10 test_derivative_of_cos() \T1/ptm/m/n/10 (\T1/ptm/m/it/10 TestL
imit
 []


Underfull \hbox (badness 10000) in paragraph at lines 462--464
[]\T1/pcr/m/n/10 test_derivative_on_log() \T1/ptm/m/n/10 (\T1/ptm/m/it/10 Test-
Deriva-tive
 []


Underfull \hbox (badness 10000) in paragraph at lines 464--465
[]\T1/pcr/m/n/10 test_derivative_on_sinh() \T1/ptm/m/n/10 (\T1/ptm/m/it/10 Test
-Deriva-tive
 []


Underfull \hbox (badness 10000) in paragraph at lines 467--469
[]\T1/pcr/m/n/10 test_derivative_with_step_options()
 []


Underfull \hbox (badness 10000) in paragraph at lines 470--472
[]\T1/pcr/m/n/10 test_directional_diff() \T1/ptm/m/n/10 (\T1/ptm/m/it/10 Test-D
eriva-tive
 []


Underfull \hbox (badness 10000) in paragraph at lines 477--479
[]\T1/pcr/m/n/10 test_fd_derivative() \T1/ptm/m/n/10 (\T1/ptm/m/it/10 in mod-ul
e numd-
 []


Overfull \hbox (0.51605pt too wide) in paragraph at lines 484--486
[]\T1/pcr/m/n/10 test_fun_with_additional_parameters()
 []


Underfull \hbox (badness 10000) in paragraph at lines 488--490
[]\T1/pcr/m/n/10 test_gradient_fulloutput() \T1/ptm/m/n/10 (\T1/ptm/m/it/10 Tes
t-Gra-di-ent
 []


Underfull \hbox (badness 10000) in paragraph at lines 493--495
[]\T1/pcr/m/n/10 test_hessian_cos_x_y_at_0_0() \T1/ptm/m/n/10 (\T1/ptm/m/it/10 
Tes-tHes-
 []


Underfull \hbox (badness 10000) in paragraph at lines 499--500
[]\T1/pcr/m/n/10 test_infinite_functions() \T1/ptm/m/n/10 (\T1/ptm/m/it/10 Test
-Deriva-tive
 []


Underfull \hbox (badness 10000) in paragraph at lines 507--509
[]\T1/pcr/m/n/10 test_jacobian_fulloutput() \T1/ptm/m/n/10 (\T1/ptm/m/it/10 Tes
t-Ja-co-bian
 []


Overfull \hbox (66.51605pt too wide) in paragraph at lines 510--512
[]\T1/pcr/m/n/10 test_low_order_derivative_on_example_functions()
 []


Overfull \hbox (36.51605pt too wide) in paragraph at lines 513--515
[]\T1/pcr/m/n/10 test_max_step_generator_default_base_step()
 []


Underfull \hbox (badness 10000) in paragraph at lines 513--515
\T1/ptm/m/n/10 (\T1/ptm/m/it/10 in mod-ule numd-
 []


Overfull \hbox (30.51605pt too wide) in paragraph at lines 515--517
[]\T1/pcr/m/n/10 test_max_step_generator_with_base_step01()
 []


Underfull \hbox (badness 10000) in paragraph at lines 515--517
\T1/ptm/m/n/10 (\T1/ptm/m/it/10 in mod-ule numd-
 []


Overfull \hbox (36.51605pt too wide) in paragraph at lines 517--519
[]\T1/pcr/m/n/10 test_min_step_generator_default_base_step()
 []


Underfull \hbox (badness 10000) in paragraph at lines 517--519
\T1/ptm/m/n/10 (\T1/ptm/m/it/10 in mod-ule numd-
 []


Overfull \hbox (30.51605pt too wide) in paragraph at lines 519--521
[]\T1/pcr/m/n/10 test_min_step_generator_with_base_step01()
 []


Underfull \hbox (badness 10000) in paragraph at lines 519--521
\T1/ptm/m/n/10 (\T1/ptm/m/it/10 in mod-ule numd-
 []


Overfull \hbox (30.51605pt too wide) in paragraph at lines 521--523
[]\T1/pcr/m/n/10 test_min_step_generator_with_step_ratio4()
 []


Underfull \hbox (badness 10000) in paragraph at lines 521--523
\T1/ptm/m/n/10 (\T1/ptm/m/it/10 in mod-ule numd-
 []


Underfull \hbox (badness 10000) in paragraph at lines 531--533
[]\T1/pcr/m/n/10 test_on_scalar_function() \T1/ptm/m/n/10 (\T1/ptm/m/it/10 Test
-Gra-di-ent
 []


Underfull \hbox (badness 10000) in paragraph at lines 533--535
[]\T1/pcr/m/n/10 test_on_scalar_function() \T1/ptm/m/n/10 (\T1/ptm/m/it/10 Test
-Ja-co-bian
 []


Underfull \hbox (badness 10000) in paragraph at lines 539--541
[]\T1/pcr/m/n/10 test_order_step_combinations()
 []


Underfull \hbox (badness 10000) in paragraph at lines 542--544
[]\T1/pcr/m/n/10 test_profile_numdifftools_main() \T1/ptm/m/n/10 (\T1/ptm/m/it/
10 in
 []

[155]
Overfull \hbox (36.51605pt too wide) in paragraph at lines 544--546
[]\T1/pcr/m/n/10 test_profile_numdifftools_profile_hessian()
 []


Underfull \hbox (badness 10000) in paragraph at lines 548--550
[]\T1/pcr/m/n/10 test_residue_1_div_1_minus_exp_x()
 []


Underfull \hbox (badness 10000) in paragraph at lines 550--552
[]\T1/pcr/m/n/10 test_residue_1_div_1_minus_exp_x()
 []


Underfull \hbox (badness 7203) in paragraph at lines 552--553
[]\T1/pcr/m/n/10 test_residue_1_div_sin_x2() \T1/ptm/m/n/10 (\T1/ptm/m/it/10 Te
stResidue
 []


Overfull \hbox (30.51605pt too wide) in paragraph at lines 557--559
[]\T1/pcr/m/n/10 test_run_gradient_and_hessian_benchmarks()
 []


Underfull \hbox (badness 10000) in paragraph at lines 559--561
[]\T1/pcr/m/n/10 test_run_hamiltonian() \T1/ptm/m/n/10 (\T1/ptm/m/it/10 Tes-tHe
s-sian
 []


Underfull \hbox (badness 10000) in paragraph at lines 567--569
[]\T1/pcr/m/n/10 test_weights() \T1/ptm/m/n/10 (\T1/ptm/m/it/10 in mod-ule numd
-
 []


Underfull \hbox (badness 10000) in paragraph at lines 569--571
[]\T1/pcr/m/n/10 TestBicomplex \T1/ptm/m/n/10 (\T1/ptm/m/it/10 class in numd-
 []


Underfull \hbox (badness 10000) in paragraph at lines 571--573
[]\T1/pcr/m/n/10 TestCStepGenerator \T1/ptm/m/n/10 (\T1/ptm/m/it/10 class in nu
md-
 []


Underfull \hbox (badness 10000) in paragraph at lines 573--575
[]\T1/pcr/m/n/10 TestDerivative \T1/ptm/m/n/10 (\T1/ptm/m/it/10 class in numd-
 []


Underfull \hbox (badness 10000) in paragraph at lines 575--577
[]\T1/pcr/m/n/10 TestDerivative \T1/ptm/m/n/10 (\T1/ptm/m/it/10 class in numd-
 []


Underfull \hbox (badness 10000) in paragraph at lines 577--579
[]\T1/pcr/m/n/10 TestDerivative \T1/ptm/m/n/10 (\T1/ptm/m/it/10 class in numd-
 []


Underfull \hbox (badness 10000) in paragraph at lines 579--581
[]\T1/pcr/m/n/10 TestExtrapolation \T1/ptm/m/n/10 (\T1/ptm/m/it/10 class in num
d-
 []


Underfull \hbox (badness 10000) in paragraph at lines 581--583
[]\T1/pcr/m/n/10 TestGradient \T1/ptm/m/n/10 (\T1/ptm/m/it/10 class in numd-
 []


Underfull \hbox (badness 10000) in paragraph at lines 583--585
[]\T1/pcr/m/n/10 TestGradient \T1/ptm/m/n/10 (\T1/ptm/m/it/10 class in numd-
 []


Underfull \hbox (badness 10000) in paragraph at lines 585--587
[]\T1/pcr/m/n/10 TestGradient \T1/ptm/m/n/10 (\T1/ptm/m/it/10 class in numd-
 []


Underfull \hbox (badness 10000) in paragraph at lines 587--589
[]\T1/pcr/m/n/10 TestHessdiag \T1/ptm/m/n/10 (\T1/ptm/m/it/10 class in numd-
 []


Underfull \hbox (badness 10000) in paragraph at lines 589--591
[]\T1/pcr/m/n/10 TestHessdiag \T1/ptm/m/n/10 (\T1/ptm/m/it/10 class in numd-
 []


Underfull \hbox (badness 10000) in paragraph at lines 591--593
[]\T1/pcr/m/n/10 TestHessian \T1/ptm/m/n/10 (\T1/ptm/m/it/10 class in numd-
 []


Underfull \hbox (badness 10000) in paragraph at lines 593--595
[]\T1/pcr/m/n/10 TestHessian \T1/ptm/m/n/10 (\T1/ptm/m/it/10 class in numd-
 []


Underfull \hbox (badness 10000) in paragraph at lines 595--597
[]\T1/pcr/m/n/10 TestJacobian \T1/ptm/m/n/10 (\T1/ptm/m/it/10 class in numd-
 []


Underfull \hbox (badness 10000) in paragraph at lines 597--599
[]\T1/pcr/m/n/10 TestJacobian \T1/ptm/m/n/10 (\T1/ptm/m/it/10 class in numd-
 []


Underfull \hbox (badness 10000) in paragraph at lines 599--601
[]\T1/pcr/m/n/10 TestJacobian \T1/ptm/m/n/10 (\T1/ptm/m/it/10 class in numd-
 []


Underfull \hbox (badness 10000) in paragraph at lines 602--603
[]\T1/pcr/m/n/10 TestResidue \T1/ptm/m/n/10 (\T1/ptm/m/it/10 class in numd-
 []


Underfull \hbox (badness 10000) in paragraph at lines 603--605
[]\T1/pcr/m/n/10 TestRichardson \T1/ptm/m/n/10 (\T1/ptm/m/it/10 class in numd-
 []


Underfull \hbox (badness 10000) in paragraph at lines 605--607
[]\T1/pcr/m/n/10 TestRichardson \T1/ptm/m/n/10 (\T1/ptm/m/it/10 class in numd-
 []

[156]) (numdifftools-0.9.41.aux)

LaTeX Warning: There were undefined references.

Package rerunfilecheck Info: File `numdifftools-0.9.41.out' has not changed.
(rerunfilecheck)             Checksum: E58FA49B6267BC595B1F080230FC21A9;18966.
 ) 
Here is how much of TeX's memory you used:
 15507 strings out of 479624
 254937 string characters out of 2877426
 734678 words of memory out of 3000000
 31385 multiletter control sequences out of 15000+200000
 467557 words of font info for 114 fonts, out of 3000000 for 9000
 1142 hyphenation exceptions out of 8191
 80i,21n,82p,960b,624s stack positions out of 5000i,500n,10000p,200000b,50000s
pdfTeX warning (dest): name{Hfootnote.43} has been referenced but does not ex
ist, replaced by a fixed one

pdfTeX warning (dest): name{Hfootnote.40} has been referenced but does not exis
t, replaced by a fixed one

pdfTeX warning (dest): name{Hfootnote.37} has been referenced but does not exis
t, replaced by a fixed one

pdfTeX warning (dest): name{Hfootnote.35} has been referenced but does not exis
t, replaced by a fixed one

pdfTeX warning (dest): name{Hfootnote.32} has been referenced but does not exis
t, replaced by a fixed one

pdfTeX warning (dest): name{Hfootnote.27} has been referenced but does not exis
t, replaced by a fixed one

pdfTeX warning (dest): name{Hfootnote.26} has been referenced but does not exis
t, replaced by a fixed one

pdfTeX warning (dest): name{Hfootnote.25} has been referenced but does not exis
t, replaced by a fixed one

pdfTeX warning (dest): name{Hfootnote.18} has been referenced but does not exis
t, replaced by a fixed one

 <C:\Users\pab\AppData\Local\MiKTeX\fonts/pk/ljfour/jknappen/ec/dpi600\tcrm1000
.pk>{C:/Programs/MiKTeX/fonts/enc/dvips/base/8r.enc}<C:/Programs/MiKTeX/fonts/t
ype1/public/amsfonts/cm/cmex10.pfb><C:/Programs/MiKTeX/fonts/type1/public/amsfo
nts/cm/cmmi10.pfb><C:/Programs/MiKTeX/fonts/type1/public/amsfonts/cm/cmmi5.pfb>
<C:/Programs/MiKTeX/fonts/type1/public/amsfonts/cm/cmmi7.pfb><C:/Programs/MiKTe
X/fonts/type1/public/amsfonts/cm/cmmi8.pfb><C:/Programs/MiKTeX/fonts/type1/publ
ic/amsfonts/cm/cmr10.pfb><C:/Programs/MiKTeX/fonts/type1/public/amsfonts/cm/cmr
5.pfb><C:/Programs/MiKTeX/fonts/type1/public/amsfonts/cm/cmr6.pfb><C:/Programs/
MiKTeX/fonts/type1/public/amsfonts/cm/cmr7.pfb><C:/Programs/MiKTeX/fonts/type1/
public/amsfonts/cm/cmr8.pfb><C:/Programs/MiKTeX/fonts/type1/public/amsfonts/cm/
cmsy10.pfb><C:/Programs/MiKTeX/fonts/type1/public/amsfonts/cm/cmsy5.pfb><C:/Pro
grams/MiKTeX/fonts/type1/public/amsfonts/cm/cmsy7.pfb><C:/Programs/MiKTeX/fonts
/type1/public/amsfonts/cm/cmsy8.pfb><C:/Programs/MiKTeX/fonts/type1/urw/courier
/ucrb8a.pfb><C:/Programs/MiKTeX/fonts/type1/urw/courier/ucrbo8a.pfb><C:/Program
s/MiKTeX/fonts/type1/urw/courier/ucrr8a.pfb><C:/Programs/MiKTeX/fonts/type1/urw
/courier/ucrro8a.pfb><C:/Programs/MiKTeX/fonts/type1/urw/helvetic/uhvb8a.pfb><C
:/Programs/MiKTeX/fonts/type1/urw/helvetic/uhvbo8a.pfb><C:/Programs/MiKTeX/font
s/type1/urw/helvetic/uhvr8a.pfb><C:/Programs/MiKTeX/fonts/type1/urw/times/utmb8
a.pfb><C:/Programs/MiKTeX/fonts/type1/urw/times/utmr8a.pfb><C:/Programs/MiKTeX/
fonts/type1/urw/times/utmri8a.pfb>
Output written on numdifftools-0.9.41.pdf (162 pages, 1112656 bytes).
PDF statistics:
 3074 PDF objects out of 3580 (max. 8388607)
 917 named destinations out of 1000 (max. 500000)
 786 words of extra memory for PDF output out of 10000 (max. 10000000)

