\BOOKMARK [0][-]{chapter.1}{\376\377\000I\000n\000t\000r\000o\000d\000u\000c\000t\000i\000o\000n}{}% 1
\BOOKMARK [1][-]{section.1.1}{\376\377\000W\000h\000a\000t\000\040\000i\000s\000\040\000n\000u\000m\000d\000i\000f\000f\000t\000o\000o\000l\000s\000?}{chapter.1}% 2
\BOOKMARK [1][-]{section.1.2}{\376\377\000H\000o\000w\000\040\000t\000h\000e\000\040\000d\000o\000c\000u\000m\000e\000n\000t\000a\000t\000i\000o\000n\000\040\000i\000s\000\040\000o\000r\000g\000a\000n\000i\000z\000e\000d}{chapter.1}% 3
\BOOKMARK [0][-]{chapter.2}{\376\377\000T\000u\000t\000o\000r\000i\000a\000l\000s}{}% 4
\BOOKMARK [1][-]{section.2.1}{\376\377\000I\000n\000s\000t\000a\000l\000l\000\040\000g\000u\000i\000d\000e}{chapter.2}% 5
\BOOKMARK [2][-]{subsection.2.1.1}{\376\377\000I\000n\000s\000t\000a\000l\000l\000\040\000P\000y\000t\000h\000o\000n}{section.2.1}% 6
\BOOKMARK [2][-]{subsection.2.1.2}{\376\377\000D\000e\000p\000e\000n\000d\000e\000n\000c\000i\000e\000s}{section.2.1}% 7
\BOOKMARK [2][-]{subsection.2.1.3}{\376\377\000I\000n\000s\000t\000a\000l\000l\000\040\000n\000u\000m\000d\000i\000f\000f\000t\000o\000o\000l\000s}{section.2.1}% 8
\BOOKMARK [2][-]{subsection.2.1.4}{\376\377\000V\000e\000r\000i\000f\000y\000i\000n\000g\000\040\000i\000n\000s\000t\000a\000l\000l\000a\000t\000i\000o\000n}{section.2.1}% 9
\BOOKMARK [2][-]{subsection.2.1.5}{\376\377\000T\000h\000a\000t\040\031\000s\000\040\000i\000t\000!}{section.2.1}% 10
\BOOKMARK [1][-]{section.2.2}{\376\377\000G\000e\000t\000t\000i\000n\000g\000\040\000s\000t\000a\000r\000t\000e\000d}{chapter.2}% 11
\BOOKMARK [2][-]{subsection.2.2.1}{\376\377\000T\000h\000e\000\040\000d\000e\000r\000i\000v\000a\000t\000i\000v\000e}{section.2.2}% 12
\BOOKMARK [2][-]{subsection.2.2.2}{\376\377\000G\000r\000a\000d\000i\000e\000n\000t\000\040\000a\000n\000d\000\040\000H\000e\000s\000s\000i\000a\000n\000\040\000e\000s\000t\000i\000m\000a\000t\000i\000o\000n}{section.2.2}% 13
\BOOKMARK [1][-]{section.2.3}{\376\377\000C\000o\000n\000c\000l\000u\000s\000i\000o\000n}{chapter.2}% 14
\BOOKMARK [1][-]{section.2.4}{\376\377\000W\000h\000a\000t\000\040\000t\000o\000\040\000r\000e\000a\000d\000\040\000n\000e\000x\000t}{chapter.2}% 15
\BOOKMARK [2][-]{subsection.2.4.1}{\376\377\000F\000i\000n\000d\000i\000n\000g\000\040\000d\000o\000c\000u\000m\000e\000n\000t\000a\000t\000i\000o\000n}{section.2.4}% 16
\BOOKMARK [2][-]{subsection.2.4.2}{\376\377\000H\000o\000w\000\040\000t\000h\000e\000\040\000d\000o\000c\000u\000m\000e\000n\000t\000a\000t\000i\000o\000n\000\040\000i\000s\000\040\000o\000r\000g\000a\000n\000i\000z\000e\000d}{section.2.4}% 17
\BOOKMARK [2][-]{subsection.2.4.3}{\376\377\000H\000o\000w\000\040\000d\000o\000c\000u\000m\000e\000n\000t\000a\000t\000i\000o\000n\000\040\000i\000s\000\040\000u\000p\000d\000a\000t\000e\000d}{section.2.4}% 18
\BOOKMARK [0][-]{chapter.3}{\376\377\000H\000o\000w\000-\000t\000o\000\040\000g\000u\000i\000d\000e\000s}{}% 19
\BOOKMARK [1][-]{section.3.1}{\376\377\000H\000o\000w\000\040\000t\000o\000\040\000c\000r\000e\000a\000t\000e\000\040\000v\000i\000r\000t\000u\000a\000l\000\040\000e\000n\000v\000i\000r\000o\000n\000m\000e\000n\000t\000s\000\040\000f\000o\000r\000\040\000p\000y\000t\000h\000o\000n\000\040\000w\000i\000t\000h\000\040\000c\000o\000n\000d\000a}{chapter.3}% 20
\BOOKMARK [2][-]{subsection.3.1.1}{\376\377\000C\000h\000e\000c\000k\000\040\000c\000o\000n\000d\000a\000\040\000i\000s\000\040\000i\000n\000s\000t\000a\000l\000l\000e\000d\000\040\000a\000n\000d\000\040\000i\000n\000\040\000y\000o\000u\000r\000\040\000P\000A\000T\000H\000.}{section.3.1}% 21
\BOOKMARK [2][-]{subsection.3.1.2}{\376\377\000C\000h\000e\000c\000k\000\040\000c\000o\000n\000d\000a\000\040\000i\000s\000\040\000u\000p\000\040\000t\000o\000\040\000d\000a\000t\000e\000.}{section.3.1}% 22
\BOOKMARK [2][-]{subsection.3.1.3}{\376\377\000C\000r\000e\000a\000t\000e\000\040\000a\000\040\000v\000i\000r\000t\000u\000a\000l\000\040\000e\000n\000v\000i\000r\000o\000n\000m\000e\000n\000t\000\040\000f\000o\000r\000\040\000y\000o\000u\000r\000\040\000p\000r\000o\000j\000e\000c\000t\000.}{section.3.1}% 23
\BOOKMARK [2][-]{subsection.3.1.4}{\376\377\000A\000c\000t\000i\000v\000a\000t\000e\000\040\000y\000o\000u\000r\000\040\000v\000i\000r\000t\000u\000a\000l\000\040\000e\000n\000v\000i\000r\000o\000n\000m\000e\000n\000t\000.}{section.3.1}% 24
\BOOKMARK [2][-]{subsection.3.1.5}{\376\377\000I\000n\000s\000t\000a\000l\000l\000\040\000a\000d\000d\000i\000t\000i\000o\000n\000a\000l\000\040\000P\000y\000t\000h\000o\000n\000\040\000p\000a\000c\000k\000a\000g\000e\000s\000\040\000t\000o\000\040\000a\000\040\000v\000i\000r\000t\000u\000a\000l\000\040\000e\000n\000v\000i\000r\000o\000n\000m\000e\000n\000t\000.}{section.3.1}% 25
\BOOKMARK [2][-]{subsection.3.1.6}{\376\377\000D\000e\000a\000c\000t\000i\000v\000a\000t\000e\000\040\000y\000o\000u\000r\000\040\000v\000i\000r\000t\000u\000a\000l\000\040\000e\000n\000v\000i\000r\000o\000n\000m\000e\000n\000t\000.}{section.3.1}% 26
\BOOKMARK [2][-]{subsection.3.1.7}{\376\377\000D\000e\000l\000e\000t\000e\000\040\000a\000\040\000n\000o\000\040\000l\000o\000n\000g\000e\000r\000\040\000n\000e\000e\000d\000e\000d\000\040\000v\000i\000r\000t\000u\000a\000l\000\040\000e\000n\000v\000i\000r\000o\000n\000m\000e\000n\000t\000.}{section.3.1}% 27
\BOOKMARK [2][-]{subsection.3.1.8}{\376\377\000R\000e\000l\000a\000t\000e\000d\000\040\000i\000n\000f\000o\000.}{section.3.1}% 28
\BOOKMARK [1][-]{section.3.2}{\376\377\000C\000o\000n\000t\000r\000i\000b\000u\000t\000i\000n\000g}{chapter.3}% 29
\BOOKMARK [2][-]{subsection.3.2.1}{\376\377\000C\000o\000n\000t\000r\000i\000b\000u\000t\000e\000\040\000a\000\040\000p\000a\000t\000c\000h}{section.3.2}% 30
\BOOKMARK [0][-]{chapter.4}{\376\377\000T\000o\000p\000i\000c\000s\000\040\000g\000u\000i\000d\000e\000s}{}% 31
\BOOKMARK [1][-]{section.4.1}{\376\377\000I\000n\000t\000r\000o\000d\000u\000c\000t\000i\000o\000n\000\040\000d\000e\000r\000i\000v\000a\000t\000i\000v\000e\000\040\000e\000s\000t\000i\000m\000a\000t\000i\000o\000n}{chapter.4}% 32
\BOOKMARK [1][-]{section.4.2}{\376\377\000N\000u\000m\000e\000r\000i\000c\000a\000l\000\040\000d\000i\000f\000f\000e\000r\000e\000n\000t\000i\000a\000t\000i\000o\000n\000\040\000o\000f\000\040\000a\000\040\000g\000e\000n\000e\000r\000a\000l\000\040\000f\000u\000n\000c\000t\000i\000o\000n\000\040\000o\000f\000\040\000o\000n\000e\000\040\000v\000a\000r\000i\000a\000b\000l\000e}{chapter.4}% 33
\BOOKMARK [1][-]{section.4.3}{\376\377\000U\000n\000e\000q\000u\000a\000l\000l\000y\000\040\000s\000p\000a\000c\000e\000d\000\040\000f\000i\000n\000i\000t\000e\000\040\000d\000i\000f\000f\000e\000r\000e\000n\000c\000e\000\040\000r\000u\000l\000e\000s}{chapter.4}% 34
\BOOKMARK [1][-]{section.4.4}{\376\377\000O\000d\000d\000\040\000a\000n\000d\000\040\000e\000v\000e\000n\000\040\000t\000r\000a\000n\000s\000f\000o\000r\000m\000a\000t\000i\000o\000n\000s\000\040\000o\000f\000\040\000a\000\040\000f\000u\000n\000c\000t\000i\000o\000n}{chapter.4}% 35
\BOOKMARK [1][-]{section.4.5}{\376\377\000C\000o\000m\000p\000l\000e\000x\000\040\000s\000t\000e\000p\000\040\000d\000e\000r\000i\000v\000a\000t\000i\000v\000e}{chapter.4}% 36
\BOOKMARK [1][-]{section.4.6}{\376\377\000H\000i\000g\000h\000\040\000o\000r\000d\000e\000r\000\040\000d\000e\000r\000i\000v\000a\000t\000i\000v\000e}{chapter.4}% 37
\BOOKMARK [1][-]{section.4.7}{\376\377\000R\000i\000c\000h\000a\000r\000d\000s\000o\000n\000\040\000e\000x\000t\000r\000a\000p\000o\000l\000a\000t\000i\000o\000n\000\040\000m\000e\000t\000h\000o\000d\000o\000l\000o\000g\000y\000\040\000a\000p\000p\000l\000i\000e\000d\000\040\000t\000o\000\040\000d\000e\000r\000i\000v\000a\000t\000i\000v\000e\000\040\000e\000s\000t\000i\000m\000a\000t\000i\000o\000n}{chapter.4}% 38
\BOOKMARK [1][-]{section.4.8}{\376\377\000M\000u\000l\000t\000i\000p\000l\000e\000\040\000t\000e\000r\000m\000\040\000R\000i\000c\000h\000a\000r\000d\000s\000o\000n\000\040\000e\000x\000t\000r\000a\000p\000o\000l\000a\000n\000t\000s}{chapter.4}% 39
\BOOKMARK [1][-]{section.4.9}{\376\377\000U\000n\000c\000e\000r\000t\000a\000i\000n\000t\000y\000\040\000e\000s\000t\000i\000m\000a\000t\000e\000s\000\040\000f\000o\000r\000\040\000D\000e\000r\000i\000v\000a\000t\000i\000v\000e}{chapter.4}% 40
\BOOKMARK [0][-]{chapter.5}{\376\377\000R\000e\000f\000e\000r\000e\000n\000c\000e}{}% 41
\BOOKMARK [1][-]{section.5.1}{\376\377\000N\000u\000m\000d\000i\000f\000f\000t\000o\000o\000l\000s\000\040\000s\000u\000m\000m\000a\000r\000y}{chapter.5}% 42
\BOOKMARK [2][-]{subsection.5.1.1}{\376\377\000n\000u\000m\000d\000i\000f\000f\000t\000o\000o\000l\000s\000.\000c\000o\000r\000e\000\040\000m\000o\000d\000u\000l\000e}{section.5.1}% 43
\BOOKMARK [2][-]{subsection.5.1.2}{\376\377\000S\000t\000e\000p\000\040\000g\000e\000n\000e\000r\000a\000t\000o\000r\000s}{section.5.1}% 44
\BOOKMARK [2][-]{subsection.5.1.3}{\376\377\000n\000u\000m\000d\000i\000f\000f\000t\000o\000o\000l\000s\000.\000e\000x\000t\000r\000a\000p\000o\000l\000a\000t\000i\000o\000n\000\040\000m\000o\000d\000u\000l\000e}{section.5.1}% 45
\BOOKMARK [2][-]{subsection.5.1.4}{\376\377\000n\000u\000m\000d\000i\000f\000f\000t\000o\000o\000l\000s\000.\000l\000i\000m\000i\000t\000s\000\040\000m\000o\000d\000u\000l\000e}{section.5.1}% 46
\BOOKMARK [2][-]{subsection.5.1.5}{\376\377\000n\000u\000m\000d\000i\000f\000f\000t\000o\000o\000l\000s\000.\000m\000u\000l\000t\000i\000c\000o\000m\000p\000l\000e\000x\000\040\000m\000o\000d\000u\000l\000e}{section.5.1}% 47
\BOOKMARK [2][-]{subsection.5.1.6}{\376\377\000n\000u\000m\000d\000i\000f\000f\000t\000o\000o\000l\000s\000.\000n\000d\000\137\000a\000l\000g\000o\000p\000y\000\040\000m\000o\000d\000u\000l\000e}{section.5.1}% 48
\BOOKMARK [2][-]{subsection.5.1.7}{\376\377\000n\000u\000m\000d\000i\000f\000f\000t\000o\000o\000l\000s\000.\000n\000d\000\137\000s\000c\000i\000p\000y\000\040\000m\000o\000d\000u\000l\000e}{section.5.1}% 49
\BOOKMARK [2][-]{subsection.5.1.8}{\376\377\000n\000u\000m\000d\000i\000f\000f\000t\000o\000o\000l\000s\000.\000n\000d\000\137\000s\000t\000a\000t\000s\000m\000o\000d\000e\000l\000s\000\040\000m\000o\000d\000u\000l\000e}{section.5.1}% 50
\BOOKMARK [1][-]{section.5.2}{\376\377\000N\000u\000m\000d\000i\000f\000f\000t\000o\000o\000l\000s\000\040\000p\000a\000c\000k\000a\000g\000e\000\040\000d\000e\000t\000a\000i\000l\000s}{chapter.5}% 51
\BOOKMARK [2][-]{subsection.5.2.1}{\376\377\000n\000u\000m\000d\000i\000f\000f\000t\000o\000o\000l\000s\000.\000t\000e\000s\000t\000s\000\040\000p\000a\000c\000k\000a\000g\000e}{section.5.2}% 52
\BOOKMARK [2][-]{subsection.5.2.2}{\376\377\000n\000u\000m\000d\000i\000f\000f\000t\000o\000o\000l\000s\000.\000c\000o\000r\000e\000\040\000m\000o\000d\000u\000l\000e}{section.5.2}% 53
\BOOKMARK [2][-]{subsection.5.2.3}{\376\377\000n\000u\000m\000d\000i\000f\000f\000t\000o\000o\000l\000s\000.\000e\000x\000t\000r\000a\000p\000o\000l\000a\000t\000i\000o\000n\000\040\000m\000o\000d\000u\000l\000e}{section.5.2}% 54
\BOOKMARK [2][-]{subsection.5.2.4}{\376\377\000n\000u\000m\000d\000i\000f\000f\000t\000o\000o\000l\000s\000.\000f\000i\000n\000i\000t\000e\000\137\000d\000i\000f\000f\000e\000r\000e\000n\000c\000e\000\040\000m\000o\000d\000u\000l\000e}{section.5.2}% 55
\BOOKMARK [2][-]{subsection.5.2.5}{\376\377\000n\000u\000m\000d\000i\000f\000f\000t\000o\000o\000l\000s\000.\000f\000o\000r\000n\000b\000e\000r\000g\000\040\000m\000o\000d\000u\000l\000e}{section.5.2}% 56
\BOOKMARK [2][-]{subsection.5.2.6}{\376\377\000n\000u\000m\000d\000i\000f\000f\000t\000o\000o\000l\000s\000.\000l\000i\000m\000i\000t\000s\000\040\000m\000o\000d\000u\000l\000e}{section.5.2}% 57
\BOOKMARK [2][-]{subsection.5.2.7}{\376\377\000n\000u\000m\000d\000i\000f\000f\000t\000o\000o\000l\000s\000.\000m\000u\000l\000t\000i\000c\000o\000m\000p\000l\000e\000x\000\040\000m\000o\000d\000u\000l\000e}{section.5.2}% 58
\BOOKMARK [2][-]{subsection.5.2.8}{\376\377\000n\000u\000m\000d\000i\000f\000f\000t\000o\000o\000l\000s\000.\000n\000d\000\137\000a\000l\000g\000o\000p\000y\000\040\000m\000o\000d\000u\000l\000e}{section.5.2}% 59
\BOOKMARK [2][-]{subsection.5.2.9}{\376\377\000n\000u\000m\000d\000i\000f\000f\000t\000o\000o\000l\000s\000.\000n\000d\000\137\000s\000c\000i\000p\000y\000\040\000m\000o\000d\000u\000l\000e}{section.5.2}% 60
\BOOKMARK [2][-]{subsection.5.2.10}{\376\377\000n\000u\000m\000d\000i\000f\000f\000t\000o\000o\000l\000s\000.\000n\000d\000\137\000s\000t\000a\000t\000s\000m\000o\000d\000e\000l\000s\000\040\000m\000o\000d\000u\000l\000e}{section.5.2}% 61
\BOOKMARK [2][-]{subsection.5.2.11}{\376\377\000n\000u\000m\000d\000i\000f\000f\000t\000o\000o\000l\000s\000.\000s\000t\000e\000p\000\137\000g\000e\000n\000e\000r\000a\000t\000o\000r\000s\000\040\000m\000o\000d\000u\000l\000e}{section.5.2}% 62
\BOOKMARK [0][-]{appendix.A}{\376\377\000C\000h\000a\000n\000g\000e\000l\000o\000g}{}% 63
\BOOKMARK [1][-]{section.A.1}{\376\377\000V\000e\000r\000s\000i\000o\000n\000\040\0000\000.\0009\000.\0004\0001\000\040\000N\000o\000v\000\040\0001\0000\000,\000\040\0002\0000\0002\0002}{appendix.A}% 64
\BOOKMARK [1][-]{section.A.2}{\376\377\000V\000e\000r\000s\000i\000o\000n\000\040\0000\000.\0009\000.\0004\0000\000\040\000J\000u\000n\000\040\0002\000,\000\040\0002\0000\0002\0001}{appendix.A}% 65
\BOOKMARK [1][-]{section.A.3}{\376\377\000V\000e\000r\000s\000i\000o\000n\000\040\0000\000.\0009\000.\0003\0009\000\040\000J\000u\000n\000\040\0001\0000\000,\000\040\0002\0000\0001\0009}{appendix.A}% 66
\BOOKMARK [1][-]{section.A.4}{\376\377\000V\000e\000r\000s\000i\000o\000n\000\040\0000\000.\0009\000.\0003\0008\000\040\000J\000u\000n\000\040\0001\0000\000,\000\040\0002\0000\0001\0009}{appendix.A}% 67
\BOOKMARK [1][-]{section.A.5}{\376\377\000V\000e\000r\000s\000i\000o\000n\000\040\0000\000.\0009\000.\0002\0000\000,\000\040\000J\000a\000n\000\040\0001\0001\000,\000\040\0002\0000\0001\0007}{appendix.A}% 68
\BOOKMARK [1][-]{section.A.6}{\376\377\000V\000e\000r\000s\000i\000o\000n\000\040\0000\000.\0009\000.\0001\0009\000,\000\040\000J\000a\000n\000\040\0001\0001\000,\000\040\0002\0000\0001\0007}{appendix.A}% 69
\BOOKMARK [1][-]{section.A.7}{\376\377\000V\000e\000r\000s\000i\000o\000n\000\040\0000\000.\0009\000.\0001\0008\000,\000\040\000J\000a\000n\000\040\0001\0001\000,\000\040\0002\0000\0001\0007}{appendix.A}% 70
\BOOKMARK [1][-]{section.A.8}{\376\377\000V\000e\000r\000s\000i\000o\000n\000\040\0000\000.\0009\000.\0001\0007\000,\000\040\000S\000e\000p\000\040\0008\000,\000\040\0002\0000\0001\0006}{appendix.A}% 71
\BOOKMARK [1][-]{section.A.9}{\376\377\000V\000e\000r\000s\000i\000o\000n\000\040\0000\000.\0009\000.\0001\0005\000,\000\040\000M\000a\000y\000\040\0001\0000\000,\000\040\0002\0000\0001\0006}{appendix.A}% 72
\BOOKMARK [1][-]{section.A.10}{\376\377\000V\000e\000r\000s\000i\000o\000n\000\040\0000\000.\0009\000.\0001\0004\000,\000\040\000N\000o\000v\000e\000m\000b\000e\000r\000\040\0001\0000\000,\000\040\0002\0000\0001\0005}{appendix.A}% 73
\BOOKMARK [1][-]{section.A.11}{\376\377\000V\000e\000r\000s\000i\000o\000n\000\040\0000\000.\0009\000.\0001\0003\000,\000\040\000O\000c\000t\000o\000b\000e\000r\000\040\0003\0000\000,\000\040\0002\0000\0001\0005}{appendix.A}% 74
\BOOKMARK [1][-]{section.A.12}{\376\377\000V\000e\000r\000s\000i\000o\000n\000\040\0000\000.\0009\000.\0001\0002\000,\000\040\000A\000u\000g\000u\000s\000t\000\040\0002\0008\000,\000\040\0002\0000\0001\0005}{appendix.A}% 75
\BOOKMARK [1][-]{section.A.13}{\376\377\000V\000e\000r\000s\000i\000o\000n\000\040\0000\000.\0009\000.\0001\0001\000,\000\040\000A\000u\000g\000u\000s\000t\000\040\0002\0007\000,\000\040\0002\0000\0001\0005}{appendix.A}% 76
\BOOKMARK [1][-]{section.A.14}{\376\377\000V\000e\000r\000s\000i\000o\000n\000\040\0000\000.\0009\000.\0001\0000\000,\000\040\000A\000u\000g\000u\000s\000t\000\040\0002\0006\000,\000\040\0002\0000\0001\0005}{appendix.A}% 77
\BOOKMARK [1][-]{section.A.15}{\376\377\000V\000e\000r\000s\000i\000o\000n\000\040\0000\000.\0009\000.\0004\000,\000\040\000A\000u\000g\000u\000s\000t\000\040\0002\0006\000,\000\040\0002\0000\0001\0005}{appendix.A}% 78
\BOOKMARK [1][-]{section.A.16}{\376\377\000V\000e\000r\000s\000i\000o\000n\000\040\0000\000.\0009\000.\0003\000,\000\040\000A\000u\000g\000u\000s\000t\000\040\0002\0003\000,\000\040\0002\0000\0001\0005}{appendix.A}% 79
\BOOKMARK [1][-]{section.A.17}{\376\377\000V\000e\000r\000s\000i\000o\000n\000\040\0000\000.\0009\000.\0002\000,\000\040\000A\000u\000g\000u\000s\000t\000\040\0002\0000\000,\000\040\0002\0000\0001\0005}{appendix.A}% 80
\BOOKMARK [1][-]{section.A.18}{\376\377\000V\000e\000r\000s\000i\000o\000n\000\040\0000\000.\0009\000.\0001\000,\000\040\000A\000u\000g\000u\000s\000t\000\040\0002\0000\000,\0002\0000\0001\0005}{appendix.A}% 81
\BOOKMARK [1][-]{section.A.19}{\376\377\000V\000e\000r\000s\000i\000o\000n\000\040\0000\000.\0007\000.\0007\000,\000\040\000D\000e\000c\000e\000m\000b\000e\000r\000\040\0001\0008\000,\000\040\0002\0000\0001\0004}{appendix.A}% 82
\BOOKMARK [1][-]{section.A.20}{\376\377\000V\000e\000r\000s\000i\000o\000n\000\040\0000\000.\0007\000.\0003\000,\000\040\000D\000e\000c\000e\000m\000b\000e\000r\000\040\0001\0007\000,\000\040\0002\0000\0001\0004}{appendix.A}% 83
\BOOKMARK [1][-]{section.A.21}{\376\377\000V\000e\000r\000s\000i\000o\000n\000\040\0000\000.\0006\000.\0000\000,\000\040\000F\000e\000b\000r\000u\000a\000r\000y\000\040\0008\000,\000\040\0002\0000\0001\0004}{appendix.A}% 84
\BOOKMARK [1][-]{section.A.22}{\376\377\000V\000e\000r\000s\000i\000o\000n\000\040\0000\000.\0005\000.\0000\000,\000\040\000J\000a\000n\000u\000a\000r\000y\000\040\0001\0000\000,\000\040\0002\0000\0001\0004}{appendix.A}% 85
\BOOKMARK [1][-]{section.A.23}{\376\377\000V\000e\000r\000s\000i\000o\000n\000\040\0000\000.\0004\000.\0000\000,\000\040\000M\000a\000y\000\040\0005\000,\000\040\0002\0000\0001\0002}{appendix.A}% 86
\BOOKMARK [1][-]{section.A.24}{\376\377\000V\000e\000r\000s\000i\000o\000n\000\040\0000\000.\0003\000.\0005\000,\000\040\000M\000a\000y\000\040\0001\0009\000,\000\040\0002\0000\0001\0001}{appendix.A}% 87
\BOOKMARK [1][-]{section.A.25}{\376\377\000V\000e\000r\000s\000i\000o\000n\000\040\0000\000.\0003\000.\0004\000,\000\040\000F\000e\000b\000\040\0002\0004\000,\000\040\0002\0000\0001\0001}{appendix.A}% 88
\BOOKMARK [1][-]{section.A.26}{\376\377\000V\000e\000r\000s\000i\000o\000n\000\040\0000\000.\0003\000.\0001\000,\000\040\000M\000a\000y\000\040\0002\0000\000,\000\040\0002\0000\0000\0009}{appendix.A}% 89
\BOOKMARK [0][-]{appendix.B}{\376\377\000C\000o\000n\000t\000r\000i\000b\000u\000t\000o\000r\000s}{}% 90
\BOOKMARK [0][-]{appendix.C}{\376\377\000L\000i\000c\000e\000n\000s\000e}{}% 91
\BOOKMARK [0][-]{appendix.D}{\376\377\000A\000c\000k\000n\000o\000w\000l\000e\000d\000g\000m\000e\000n\000t\000s}{}% 92
\BOOKMARK [0][-]{appendix*.441}{\376\377\000B\000i\000b\000l\000i\000o\000g\000r\000a\000p\000h\000y}{}% 93
\BOOKMARK [0][-]{section*.442}{\376\377\000P\000y\000t\000h\000o\000n\000\040\000M\000o\000d\000u\000l\000e\000\040\000I\000n\000d\000e\000x}{}% 94
\BOOKMARK [0][-]{section*.443}{\376\377\000I\000n\000d\000e\000x}{}% 95
